{
  "stats": {
    "suites": 38,
    "tests": 228,
    "passes": 189,
    "pending": 0,
    "failures": 39,
    "start": "2021-12-13T09:09:41.459Z",
    "end": "2021-12-15T10:48:02.718Z",
    "duration": 4130655,
    "testsRegistered": 228,
    "passPercent": 82.89473684210526,
    "pendingPercent": 0,
    "other": 0,
    "hasOther": false,
    "skipped": 0,
    "hasSkipped": false
  },
  "results": [
    {
      "uuid": "b6ef48da-e3c1-43c0-bfbb-b3c38381840a",
      "title": "",
      "fullFile": "cypress/integration/Sprint1UserStories/US807-Select-repair-property-tenancy-Multiple.js",
      "file": "cypress/integration/Sprint1UserStories/US807-Select-repair-property-tenancy-Multiple.js",
      "beforeHooks": [],
      "afterHooks": [],
      "tests": [],
      "suites": [
        {
          "uuid": "1b783cb1-124f-4eae-9fa6-0592bd21a287",
          "title": "Select repair property/tenancy - Multiple",
          "fullFile": "",
          "file": "",
          "beforeHooks": [],
          "afterHooks": [],
          "tests": [
            {
              "title": "Acceptance Criteria 1 - Multiple current tenancies",
              "fullTitle": "Select repair property/tenancy - Multiple Acceptance Criteria 1 - Multiple current tenancies",
              "timedOut": null,
              "duration": 7738,
              "state": "passed",
              "speed": "medium",
              "pass": true,
              "fail": false,
              "pending": false,
              "context": null,
              "code": "homepage_PO.enterCustIDandContinue();",
              "err": {},
              "uuid": "203f5903-43ec-485f-b2b6-dad535908c08",
              "parentUUID": "1b783cb1-124f-4eae-9fa6-0592bd21a287",
              "isHook": false,
              "skipped": false
            },
            {
              "title": "Acceptance Criteria 2 - Multiple current tenancies - Change repair property",
              "fullTitle": "Select repair property/tenancy - Multiple Acceptance Criteria 2 - Multiple current tenancies - Change repair property",
              "timedOut": null,
              "duration": 7720,
              "state": "passed",
              "speed": "medium",
              "pass": true,
              "fail": false,
              "pending": false,
              "context": null,
              "code": "homepage_PO.changeRepairProperty();",
              "err": {},
              "uuid": "86d4b72a-cfc0-4ee2-9707-cc56ed45590b",
              "parentUUID": "1b783cb1-124f-4eae-9fa6-0592bd21a287",
              "isHook": false,
              "skipped": false
            },
            {
              "title": "Acceptance Criteria 3 - Continue",
              "fullTitle": "Select repair property/tenancy - Multiple Acceptance Criteria 3 - Continue",
              "timedOut": null,
              "duration": 6883,
              "state": "passed",
              "speed": "medium",
              "pass": true,
              "fail": false,
              "pending": false,
              "context": null,
              "code": "homepage_PO.continueButton();",
              "err": {},
              "uuid": "0fd6457d-d4ea-4c88-ae9e-45055d93fb4d",
              "parentUUID": "1b783cb1-124f-4eae-9fa6-0592bd21a287",
              "isHook": false,
              "skipped": false
            },
            {
              "title": "Acceptance Criteria 4 - Exit",
              "fullTitle": "Select repair property/tenancy - Multiple Acceptance Criteria 4 - Exit",
              "timedOut": null,
              "duration": 7248,
              "state": "passed",
              "speed": "medium",
              "pass": true,
              "fail": false,
              "pending": false,
              "context": null,
              "code": "homepage_PO.exitButton();",
              "err": {},
              "uuid": "f1024fe1-43ad-4c20-bf36-09d9a23e0631",
              "parentUUID": "1b783cb1-124f-4eae-9fa6-0592bd21a287",
              "isHook": false,
              "skipped": false
            },
            {
              "title": "Acceptance Criteria 5 - Back",
              "fullTitle": "Select repair property/tenancy - Multiple Acceptance Criteria 5 - Back",
              "timedOut": null,
              "duration": 7457,
              "state": "passed",
              "speed": "medium",
              "pass": true,
              "fail": false,
              "pending": false,
              "context": null,
              "code": "homepage_PO.backButton();",
              "err": {},
              "uuid": "d396f194-c249-4912-95bb-5ee8651ccceb",
              "parentUUID": "1b783cb1-124f-4eae-9fa6-0592bd21a287",
              "isHook": false,
              "skipped": false
            },
            {
              "title": "Acceptance Criteria 6 - Exit - Select return to my repair",
              "fullTitle": "Select repair property/tenancy - Multiple Acceptance Criteria 6 - Exit - Select return to my repair",
              "timedOut": null,
              "duration": 6856,
              "state": "passed",
              "speed": "medium",
              "pass": true,
              "fail": false,
              "pending": false,
              "context": null,
              "code": "homepage_PO.exitReturnToMyRepairButton();",
              "err": {},
              "uuid": "bba8ae88-839c-478c-9add-2ff7334e3474",
              "parentUUID": "1b783cb1-124f-4eae-9fa6-0592bd21a287",
              "isHook": false,
              "skipped": false
            },
            {
              "title": "Acceptance Criteria 7 - Exit - Select leave this page",
              "fullTitle": "Select repair property/tenancy - Multiple Acceptance Criteria 7 - Exit - Select leave this page",
              "timedOut": null,
              "duration": 7633,
              "state": "passed",
              "speed": "medium",
              "pass": true,
              "fail": false,
              "pending": false,
              "context": null,
              "code": "homepage_PO.exitLeaveThisPageButton();",
              "err": {},
              "uuid": "511a707a-d688-483b-906b-662950e49ba6",
              "parentUUID": "1b783cb1-124f-4eae-9fa6-0592bd21a287",
              "isHook": false,
              "skipped": false
            },
            {
              "title": "Acceptance Criteria 8 - Back - Select return to my repair",
              "fullTitle": "Select repair property/tenancy - Multiple Acceptance Criteria 8 - Back - Select return to my repair",
              "timedOut": null,
              "duration": 7457,
              "state": "passed",
              "speed": "medium",
              "pass": true,
              "fail": false,
              "pending": false,
              "context": null,
              "code": "homepage_PO.backReturnToMyRepairButton();",
              "err": {},
              "uuid": "733ed26b-5db3-43fa-b70c-ac1116703345",
              "parentUUID": "1b783cb1-124f-4eae-9fa6-0592bd21a287",
              "isHook": false,
              "skipped": false
            },
            {
              "title": "Acceptance Criteria 9 - Back - Select go back",
              "fullTitle": "Select repair property/tenancy - Multiple Acceptance Criteria 9 - Back - Select go back",
              "timedOut": null,
              "duration": 7711,
              "state": "passed",
              "speed": "medium",
              "pass": true,
              "fail": false,
              "pending": false,
              "context": null,
              "code": "homepage_PO.backGoBackButton();",
              "err": {},
              "uuid": "cc14ffc2-4abe-47da-b356-5689db0d8635",
              "parentUUID": "1b783cb1-124f-4eae-9fa6-0592bd21a287",
              "isHook": false,
              "skipped": false
            }
          ],
          "suites": [],
          "passes": [
            "203f5903-43ec-485f-b2b6-dad535908c08",
            "86d4b72a-cfc0-4ee2-9707-cc56ed45590b",
            "0fd6457d-d4ea-4c88-ae9e-45055d93fb4d",
            "f1024fe1-43ad-4c20-bf36-09d9a23e0631",
            "d396f194-c249-4912-95bb-5ee8651ccceb",
            "bba8ae88-839c-478c-9add-2ff7334e3474",
            "511a707a-d688-483b-906b-662950e49ba6",
            "733ed26b-5db3-43fa-b70c-ac1116703345",
            "cc14ffc2-4abe-47da-b356-5689db0d8635"
          ],
          "failures": [],
          "pending": [],
          "skipped": [],
          "duration": 66703,
          "root": false,
          "rootEmpty": false,
          "_timeout": 2000
        }
      ],
      "passes": [],
      "failures": [],
      "pending": [],
      "skipped": [],
      "duration": 0,
      "root": true,
      "rootEmpty": true,
      "_timeout": 2000
    },
    {
      "uuid": "84048496-08be-4813-a55c-ca19d803d0f9",
      "title": "",
      "fullFile": "cypress/integration/Sprint1UserStories/US808-Select-the-property-type.js",
      "file": "cypress/integration/Sprint1UserStories/US808-Select-the-property-type.js",
      "beforeHooks": [],
      "afterHooks": [],
      "tests": [],
      "suites": [
        {
          "uuid": "82fa97eb-ff44-48d6-abfb-7efbec51af7e",
          "title": "Select the property type (property, divided block, block, estate)",
          "fullFile": "",
          "file": "",
          "beforeHooks": [],
          "afterHooks": [],
          "tests": [
            {
              "title": "Acceptance Criteria 1 - Property types available for selection within hierarchy",
              "fullTitle": "Select the property type (property, divided block, block, estate) Acceptance Criteria 1 - Property types available for selection within hierarchy",
              "timedOut": null,
              "duration": 6696,
              "state": "passed",
              "speed": "medium",
              "pass": true,
              "fail": false,
              "pending": false,
              "context": null,
              "code": "propertyType_PO.enterCustIDandContinue();",
              "err": {},
              "uuid": "94aeae28-0fc8-4edb-8012-444d500a50bb",
              "parentUUID": "82fa97eb-ff44-48d6-abfb-7efbec51af7e",
              "isHook": false,
              "skipped": false
            },
            {
              "title": "Acceptance Criteria 2 - Property types available for selection within hierarchy - Change repair hierarchy",
              "fullTitle": "Select the property type (property, divided block, block, estate) Acceptance Criteria 2 - Property types available for selection within hierarchy - Change repair hierarchy",
              "timedOut": null,
              "duration": 7277,
              "state": "passed",
              "speed": "medium",
              "pass": true,
              "fail": false,
              "pending": false,
              "context": null,
              "code": "propertyType_PO.changePropertyHierarchy();",
              "err": {},
              "uuid": "6f98c7fa-9db5-442b-b9aa-b715b05500ec",
              "parentUUID": "82fa97eb-ff44-48d6-abfb-7efbec51af7e",
              "isHook": false,
              "skipped": false
            }
          ],
          "suites": [],
          "passes": [
            "94aeae28-0fc8-4edb-8012-444d500a50bb",
            "6f98c7fa-9db5-442b-b9aa-b715b05500ec"
          ],
          "failures": [],
          "pending": [],
          "skipped": [],
          "duration": 13973,
          "root": false,
          "rootEmpty": false,
          "_timeout": 2000
        }
      ],
      "passes": [],
      "failures": [],
      "pending": [],
      "skipped": [],
      "duration": 0,
      "root": true,
      "rootEmpty": true,
      "_timeout": 2000
    },
    {
      "uuid": "46edbd7a-df6f-455c-a1aa-9464f2bba9df",
      "title": "",
      "fullFile": "cypress/integration/Sprint1UserStories/US809-Determine-property-type-eligibility.js",
      "file": "cypress/integration/Sprint1UserStories/US809-Determine-property-type-eligibility.js",
      "beforeHooks": [],
      "afterHooks": [],
      "tests": [],
      "suites": [
        {
          "uuid": "db8a28bf-c64b-45df-97cc-42ddfb0c69cd",
          "title": "Determine property type eligibility",
          "fullFile": "",
          "file": "",
          "beforeHooks": [],
          "afterHooks": [],
          "tests": [
            {
              "title": "Acceptance Criteria 1 - Passes property type check",
              "fullTitle": "Determine property type eligibility Acceptance Criteria 1 - Passes property type check",
              "timedOut": null,
              "duration": 6631,
              "state": "passed",
              "speed": "medium",
              "pass": true,
              "fail": false,
              "pending": false,
              "context": null,
              "code": "propertyTypeCheck_PO.enterCustIDandContinue();",
              "err": {},
              "uuid": "c8014669-3404-40e5-ac89-deeaef5d1445",
              "parentUUID": "db8a28bf-c64b-45df-97cc-42ddfb0c69cd",
              "isHook": false,
              "skipped": false
            },
            {
              "title": "Acceptance Criteria 2 - Continue",
              "fullTitle": "Determine property type eligibility Acceptance Criteria 2 - Continue",
              "timedOut": null,
              "duration": 7979,
              "state": "passed",
              "speed": "medium",
              "pass": true,
              "fail": false,
              "pending": false,
              "context": null,
              "code": "homepage_PO.continueButton();",
              "err": {},
              "uuid": "9dc363a4-fa1b-476c-9899-f94ab77b8f4c",
              "parentUUID": "db8a28bf-c64b-45df-97cc-42ddfb0c69cd",
              "isHook": false,
              "skipped": false
            },
            {
              "title": "Acceptance Criteria 3 - Exit",
              "fullTitle": "Determine property type eligibility Acceptance Criteria 3 - Exit",
              "timedOut": null,
              "duration": 7285,
              "state": "passed",
              "speed": "medium",
              "pass": true,
              "fail": false,
              "pending": false,
              "context": null,
              "code": "homepage_PO.exitButton();",
              "err": {},
              "uuid": "6d1ab7d0-e40a-4de5-b80b-f0213c0b8c5b",
              "parentUUID": "db8a28bf-c64b-45df-97cc-42ddfb0c69cd",
              "isHook": false,
              "skipped": false
            },
            {
              "title": "Acceptance Criteria 4 - Back",
              "fullTitle": "Determine property type eligibility Acceptance Criteria 4 - Back",
              "timedOut": null,
              "duration": 7083,
              "state": "passed",
              "speed": "medium",
              "pass": true,
              "fail": false,
              "pending": false,
              "context": null,
              "code": "homepage_PO.backButton();",
              "err": {},
              "uuid": "3e188aad-e83b-4bbd-95f3-46e938ce7751",
              "parentUUID": "db8a28bf-c64b-45df-97cc-42ddfb0c69cd",
              "isHook": false,
              "skipped": false
            },
            {
              "title": "Acceptance Criteria 5 - Exit - Select return to my repair",
              "fullTitle": "Determine property type eligibility Acceptance Criteria 5 - Exit - Select return to my repair",
              "timedOut": null,
              "duration": 6834,
              "state": "passed",
              "speed": "medium",
              "pass": true,
              "fail": false,
              "pending": false,
              "context": null,
              "code": "homepage_PO.exitReturnToMyRepairButton();",
              "err": {},
              "uuid": "3ecee97b-269b-4c55-a29b-c5bf5d0774f9",
              "parentUUID": "db8a28bf-c64b-45df-97cc-42ddfb0c69cd",
              "isHook": false,
              "skipped": false
            },
            {
              "title": "Acceptance Criteria 6 - Exit - Select leave this page",
              "fullTitle": "Determine property type eligibility Acceptance Criteria 6 - Exit - Select leave this page",
              "timedOut": null,
              "duration": 7083,
              "state": "passed",
              "speed": "medium",
              "pass": true,
              "fail": false,
              "pending": false,
              "context": null,
              "code": "homepage_PO.exitLeaveThisPageButton();",
              "err": {},
              "uuid": "1873b17d-a48f-4194-890c-5df47e867cf7",
              "parentUUID": "db8a28bf-c64b-45df-97cc-42ddfb0c69cd",
              "isHook": false,
              "skipped": false
            },
            {
              "title": "Acceptance Criteria 7 - Back - Select return to my repair",
              "fullTitle": "Determine property type eligibility Acceptance Criteria 7 - Back - Select return to my repair",
              "timedOut": null,
              "duration": 7153,
              "state": "passed",
              "speed": "medium",
              "pass": true,
              "fail": false,
              "pending": false,
              "context": null,
              "code": "homepage_PO.backReturnToMyRepairButton();",
              "err": {},
              "uuid": "76d545a3-0cae-4a07-b02c-b219034e67d2",
              "parentUUID": "db8a28bf-c64b-45df-97cc-42ddfb0c69cd",
              "isHook": false,
              "skipped": false
            },
            {
              "title": "Acceptance Criteria 8 - Back - Select go back",
              "fullTitle": "Determine property type eligibility Acceptance Criteria 8 - Back - Select go back",
              "timedOut": null,
              "duration": 7096,
              "state": "passed",
              "speed": "medium",
              "pass": true,
              "fail": false,
              "pending": false,
              "context": null,
              "code": "homepage_PO.backGoBackButton();",
              "err": {},
              "uuid": "6844fce1-0e38-4fe6-879e-40366e6ade1d",
              "parentUUID": "db8a28bf-c64b-45df-97cc-42ddfb0c69cd",
              "isHook": false,
              "skipped": false
            }
          ],
          "suites": [],
          "passes": [
            "c8014669-3404-40e5-ac89-deeaef5d1445",
            "9dc363a4-fa1b-476c-9899-f94ab77b8f4c",
            "6d1ab7d0-e40a-4de5-b80b-f0213c0b8c5b",
            "3e188aad-e83b-4bbd-95f3-46e938ce7751",
            "3ecee97b-269b-4c55-a29b-c5bf5d0774f9",
            "1873b17d-a48f-4194-890c-5df47e867cf7",
            "76d545a3-0cae-4a07-b02c-b219034e67d2",
            "6844fce1-0e38-4fe6-879e-40366e6ade1d"
          ],
          "failures": [],
          "pending": [],
          "skipped": [],
          "duration": 57144,
          "root": false,
          "rootEmpty": false,
          "_timeout": 2000
        }
      ],
      "passes": [],
      "failures": [],
      "pending": [],
      "skipped": [],
      "duration": 0,
      "root": true,
      "rootEmpty": true,
      "_timeout": 2000
    },
    {
      "uuid": "3b533e9e-d5e0-4ab7-9eee-dcfdc2f0c683",
      "title": "",
      "fullFile": "cypress/integration/Sprint1UserStories/US810-Display-and-Select-repair-location.js",
      "file": "cypress/integration/Sprint1UserStories/US810-Display-and-Select-repair-location.js",
      "beforeHooks": [],
      "afterHooks": [],
      "tests": [],
      "suites": [
        {
          "uuid": "14c49928-b3bd-4eca-bf9b-cd397915e896",
          "title": "Display and Select repair location",
          "fullFile": "",
          "file": "",
          "beforeHooks": [],
          "afterHooks": [],
          "tests": [
            {
              "title": "Acceptance Criteria 1 - Select property location",
              "fullTitle": "Display and Select repair location Acceptance Criteria 1 - Select property location",
              "timedOut": null,
              "duration": 18579,
              "state": "passed",
              "speed": "slow",
              "pass": true,
              "fail": false,
              "pending": false,
              "context": null,
              "code": "propertyLocation_PO.selectPropLocation();",
              "err": {},
              "uuid": "e30b0dcf-7bfb-4784-b729-437dc4d9585f",
              "parentUUID": "14c49928-b3bd-4eca-bf9b-cd397915e896",
              "isHook": false,
              "skipped": false
            },
            {
              "title": "Acceptance Criteria 2 - Continue - mandatory information complete",
              "fullTitle": "Display and Select repair location Acceptance Criteria 2 - Continue - mandatory information complete",
              "timedOut": null,
              "duration": 39403,
              "state": "passed",
              "speed": "slow",
              "pass": true,
              "fail": false,
              "pending": false,
              "context": null,
              "code": "propertyLocation_PO.continueMandatoryInfoComplete();",
              "err": {},
              "uuid": "6c7ec3c2-a31b-4c2b-852b-c1cddd5e7749",
              "parentUUID": "14c49928-b3bd-4eca-bf9b-cd397915e896",
              "isHook": false,
              "skipped": false
            },
            {
              "title": "Acceptance Criteria 3 - Continue - mandatory information NOT complete",
              "fullTitle": "Display and Select repair location Acceptance Criteria 3 - Continue - mandatory information NOT complete",
              "timedOut": null,
              "duration": 18766,
              "state": "passed",
              "speed": "slow",
              "pass": true,
              "fail": false,
              "pending": false,
              "context": null,
              "code": "propertyLocation_PO.continueMandatoryInfoNotComplete();",
              "err": {},
              "uuid": "61a3e256-b120-4be0-8ad3-1e3ef32bb8fa",
              "parentUUID": "14c49928-b3bd-4eca-bf9b-cd397915e896",
              "isHook": false,
              "skipped": false
            },
            {
              "title": "Acceptance Criteria 4 - Exit",
              "fullTitle": "Display and Select repair location Acceptance Criteria 4 - Exit",
              "timedOut": null,
              "duration": 7967,
              "state": "passed",
              "speed": "medium",
              "pass": true,
              "fail": false,
              "pending": false,
              "context": null,
              "code": "propertyLocation_PO.exitButton();",
              "err": {},
              "uuid": "f04b7405-ff41-47b0-b28c-ce8a42e31b1f",
              "parentUUID": "14c49928-b3bd-4eca-bf9b-cd397915e896",
              "isHook": false,
              "skipped": false
            },
            {
              "title": "Acceptance Criteria 5 - Back",
              "fullTitle": "Display and Select repair location Acceptance Criteria 5 - Back",
              "timedOut": null,
              "duration": 7780,
              "state": "passed",
              "speed": "medium",
              "pass": true,
              "fail": false,
              "pending": false,
              "context": null,
              "code": "propertyLocation_PO.backButton();",
              "err": {},
              "uuid": "9b939b45-fcf5-46d5-88a1-fd6b92769063",
              "parentUUID": "14c49928-b3bd-4eca-bf9b-cd397915e896",
              "isHook": false,
              "skipped": false
            },
            {
              "title": "Acceptance Criteria 6 - Exit - Select return to my repair",
              "fullTitle": "Display and Select repair location Acceptance Criteria 6 - Exit - Select return to my repair",
              "timedOut": null,
              "duration": 8092,
              "state": "passed",
              "speed": "medium",
              "pass": true,
              "fail": false,
              "pending": false,
              "context": null,
              "code": "propertyLocation_PO.exitReturnToMyRepairButton();",
              "err": {},
              "uuid": "7fe72292-a6b4-42cf-945e-83fe1447426f",
              "parentUUID": "14c49928-b3bd-4eca-bf9b-cd397915e896",
              "isHook": false,
              "skipped": false
            },
            {
              "title": "Acceptance Criteria 7 - Exit - Select leave this page",
              "fullTitle": "Display and Select repair location Acceptance Criteria 7 - Exit - Select leave this page",
              "timedOut": null,
              "duration": 7771,
              "state": "passed",
              "speed": "medium",
              "pass": true,
              "fail": false,
              "pending": false,
              "context": null,
              "code": "propertyLocation_PO.exitLeaveThisPageButton();",
              "err": {},
              "uuid": "ac26b39d-9011-439f-8ff1-0f6628a7f429",
              "parentUUID": "14c49928-b3bd-4eca-bf9b-cd397915e896",
              "isHook": false,
              "skipped": false
            },
            {
              "title": "Acceptance Criteria 8 - Back - Select return to my repair",
              "fullTitle": "Display and Select repair location Acceptance Criteria 8 - Back - Select return to my repair",
              "timedOut": null,
              "duration": 7802,
              "state": "passed",
              "speed": "medium",
              "pass": true,
              "fail": false,
              "pending": false,
              "context": null,
              "code": "propertyLocation_PO.backReturnToMyRepairButton();",
              "err": {},
              "uuid": "93503e9c-15af-4337-a421-e5147ae02d89",
              "parentUUID": "14c49928-b3bd-4eca-bf9b-cd397915e896",
              "isHook": false,
              "skipped": false
            },
            {
              "title": "Acceptance Criteria 9 - Back - Select go back",
              "fullTitle": "Display and Select repair location Acceptance Criteria 9 - Back - Select go back",
              "timedOut": null,
              "duration": 8307,
              "state": "passed",
              "speed": "medium",
              "pass": true,
              "fail": false,
              "pending": false,
              "context": null,
              "code": "propertyLocation_PO.backGoBackButton();",
              "err": {},
              "uuid": "9c585cd7-1af7-43e9-84db-6b41b21560a6",
              "parentUUID": "14c49928-b3bd-4eca-bf9b-cd397915e896",
              "isHook": false,
              "skipped": false
            }
          ],
          "suites": [],
          "passes": [
            "e30b0dcf-7bfb-4784-b729-437dc4d9585f",
            "6c7ec3c2-a31b-4c2b-852b-c1cddd5e7749",
            "61a3e256-b120-4be0-8ad3-1e3ef32bb8fa",
            "f04b7405-ff41-47b0-b28c-ce8a42e31b1f",
            "9b939b45-fcf5-46d5-88a1-fd6b92769063",
            "7fe72292-a6b4-42cf-945e-83fe1447426f",
            "ac26b39d-9011-439f-8ff1-0f6628a7f429",
            "93503e9c-15af-4337-a421-e5147ae02d89",
            "9c585cd7-1af7-43e9-84db-6b41b21560a6"
          ],
          "failures": [],
          "pending": [],
          "skipped": [],
          "duration": 124467,
          "root": false,
          "rootEmpty": false,
          "_timeout": 2000
        }
      ],
      "passes": [],
      "failures": [],
      "pending": [],
      "skipped": [],
      "duration": 0,
      "root": true,
      "rootEmpty": true,
      "_timeout": 2000
    },
    {
      "uuid": "7cdd6074-681c-41f8-8270-540436ad5cba",
      "title": "",
      "fullFile": "cypress/integration/Sprint1UserStories/US811-Present-high-level-repair-description.js",
      "file": "cypress/integration/Sprint1UserStories/US811-Present-high-level-repair-description.js",
      "beforeHooks": [],
      "afterHooks": [],
      "tests": [],
      "suites": [
        {
          "uuid": "fc8819dc-3fa7-471b-acea-b9a6312a6e62",
          "title": "Present high level repair description",
          "fullFile": "",
          "file": "",
          "beforeHooks": [],
          "afterHooks": [],
          "tests": [
            {
              "title": "Acceptance Criteria 1 - High level description field displayed",
              "fullTitle": "Present high level repair description Acceptance Criteria 1 - High level description field displayed",
              "timedOut": null,
              "duration": 31601,
              "state": "passed",
              "speed": "slow",
              "pass": true,
              "fail": false,
              "pending": false,
              "context": null,
              "code": "propertyLocation_PO.highLevelDescFieldDisplayed();",
              "err": {},
              "uuid": "84bb2c49-569a-4be8-819e-331b3e7236a4",
              "parentUUID": "fc8819dc-3fa7-471b-acea-b9a6312a6e62",
              "isHook": false,
              "skipped": false
            }
          ],
          "suites": [],
          "passes": [
            "84bb2c49-569a-4be8-819e-331b3e7236a4"
          ],
          "failures": [],
          "pending": [],
          "skipped": [],
          "duration": 31601,
          "root": false,
          "rootEmpty": false,
          "_timeout": 2000
        }
      ],
      "passes": [],
      "failures": [],
      "pending": [],
      "skipped": [],
      "duration": 0,
      "root": true,
      "rootEmpty": true,
      "_timeout": 2000
    },
    {
      "uuid": "81385b39-7ba3-49a0-8ce5-f0ae437a8234",
      "title": "",
      "fullFile": "cypress/integration/Sprint1UserStories/US812-Determine-policy-check-repair-eligibility.js",
      "file": "cypress/integration/Sprint1UserStories/US812-Determine-policy-check-repair-eligibility.js",
      "beforeHooks": [],
      "afterHooks": [],
      "tests": [],
      "suites": [
        {
          "uuid": "cb1a5139-d624-401a-a066-713fc1246678",
          "title": "Determine policy check repair eligibility",
          "fullFile": "",
          "file": "",
          "beforeHooks": [],
          "afterHooks": [],
          "tests": [
            {
              "title": "Acceptance Criteria 1 - Passes repair policy check",
              "fullTitle": "Determine policy check repair eligibility Acceptance Criteria 1 - Passes repair policy check",
              "timedOut": null,
              "duration": 27882,
              "state": "passed",
              "speed": "slow",
              "pass": true,
              "fail": false,
              "pending": false,
              "context": null,
              "code": "repairPolicyCheck_PO.passRepairPolicyCheck();",
              "err": {},
              "uuid": "18e024c6-4f0b-4494-a73a-223d97ca9530",
              "parentUUID": "cb1a5139-d624-401a-a066-713fc1246678",
              "isHook": false,
              "skipped": false
            },
            {
              "title": "Acceptance Criteria 2 - Fails repairs policy check",
              "fullTitle": "Determine policy check repair eligibility Acceptance Criteria 2 - Fails repairs policy check",
              "timedOut": null,
              "duration": 26319,
              "state": "passed",
              "speed": "slow",
              "pass": true,
              "fail": false,
              "pending": false,
              "context": null,
              "code": "repairPolicyCheck_PO.failsRepairPolicyCheck();",
              "err": {},
              "uuid": "aeaf59c0-f4d2-4048-908a-15359c7be6e8",
              "parentUUID": "cb1a5139-d624-401a-a066-713fc1246678",
              "isHook": false,
              "skipped": false
            }
          ],
          "suites": [],
          "passes": [
            "18e024c6-4f0b-4494-a73a-223d97ca9530",
            "aeaf59c0-f4d2-4048-908a-15359c7be6e8"
          ],
          "failures": [],
          "pending": [],
          "skipped": [],
          "duration": 54201,
          "root": false,
          "rootEmpty": false,
          "_timeout": 2000
        }
      ],
      "passes": [],
      "failures": [],
      "pending": [],
      "skipped": [],
      "duration": 0,
      "root": true,
      "rootEmpty": true,
      "_timeout": 2000
    },
    {
      "uuid": "08919ff8-9f45-48aa-a1d9-87e273405d11",
      "title": "",
      "fullFile": "cypress/integration/Sprint1UserStories/US896-Select-high-level-repair-description.js",
      "file": "cypress/integration/Sprint1UserStories/US896-Select-high-level-repair-description.js",
      "beforeHooks": [],
      "afterHooks": [],
      "tests": [],
      "suites": [
        {
          "uuid": "8040a896-191d-44b0-b81f-529ef35e16cb",
          "title": "Select high level repair description",
          "fullFile": "",
          "file": "",
          "beforeHooks": [],
          "afterHooks": [],
          "tests": [
            {
              "title": "Acceptance Criteria 1 - High level descriptions found",
              "fullTitle": "Select high level repair description Acceptance Criteria 1 - High level descriptions found",
              "timedOut": null,
              "duration": 31950,
              "state": "passed",
              "speed": "slow",
              "pass": true,
              "fail": false,
              "pending": false,
              "context": null,
              "code": "highLevelPolicyCheck_PO.highLevelDescFound();",
              "err": {},
              "uuid": "95ce4a81-08be-4ef1-88ff-6d9b8b55010b",
              "parentUUID": "8040a896-191d-44b0-b81f-529ef35e16cb",
              "isHook": false,
              "skipped": false
            },
            {
              "title": "Acceptance Criteria 2 - High level descriptions not found",
              "fullTitle": "Select high level repair description Acceptance Criteria 2 - High level descriptions not found",
              "timedOut": null,
              "duration": 30988,
              "state": "passed",
              "speed": "slow",
              "pass": true,
              "fail": false,
              "pending": false,
              "context": null,
              "code": "highLevelPolicyCheck_PO.highLevelDescNotFound();",
              "err": {},
              "uuid": "b19e37d6-eb62-4b54-863e-1342da479ad9",
              "parentUUID": "8040a896-191d-44b0-b81f-529ef35e16cb",
              "isHook": false,
              "skipped": false
            },
            {
              "title": "Acceptance Criteria 3 - High level description re-selected - try again",
              "fullTitle": "Select high level repair description Acceptance Criteria 3 - High level description re-selected - try again",
              "timedOut": null,
              "duration": 26609,
              "state": "passed",
              "speed": "slow",
              "pass": true,
              "fail": false,
              "pending": false,
              "context": null,
              "code": "highLevelPolicyCheck_PO.highLevelDescReSelected();",
              "err": {},
              "uuid": "c83a9763-0e3a-4993-b7fa-45e8bdad12a6",
              "parentUUID": "8040a896-191d-44b0-b81f-529ef35e16cb",
              "isHook": false,
              "skipped": false
            },
            {
              "title": "Acceptance Criteria 4 - Continue - mandatory information complete",
              "fullTitle": "Select high level repair description Acceptance Criteria 4 - Continue - mandatory information complete",
              "timedOut": null,
              "duration": 35654,
              "state": "passed",
              "speed": "slow",
              "pass": true,
              "fail": false,
              "pending": false,
              "context": null,
              "code": "propertyLocation_PO.continueMandatoryInfoComplete();",
              "err": {},
              "uuid": "2e2b680f-e614-4586-8887-c4f3c9eeb6fa",
              "parentUUID": "8040a896-191d-44b0-b81f-529ef35e16cb",
              "isHook": false,
              "skipped": false
            },
            {
              "title": "Acceptance Criteria 5 - Continue - mandatory information NOT complete",
              "fullTitle": "Select high level repair description Acceptance Criteria 5 - Continue - mandatory information NOT complete",
              "timedOut": null,
              "duration": 18199,
              "state": "passed",
              "speed": "slow",
              "pass": true,
              "fail": false,
              "pending": false,
              "context": null,
              "code": "propertyLocation_PO.continueMandatoryInfoNotComplete();",
              "err": {},
              "uuid": "d36be860-097b-4730-8ec4-f2499a67237e",
              "parentUUID": "8040a896-191d-44b0-b81f-529ef35e16cb",
              "isHook": false,
              "skipped": false
            },
            {
              "title": "Acceptance Criteria 6 - Exit",
              "fullTitle": "Select high level repair description Acceptance Criteria 6 - Exit",
              "timedOut": null,
              "duration": 7340,
              "state": "passed",
              "speed": "medium",
              "pass": true,
              "fail": false,
              "pending": false,
              "context": null,
              "code": "propertyLocation_PO.exitButton();",
              "err": {},
              "uuid": "844f801a-c101-4bf3-826b-f0f4d62a56aa",
              "parentUUID": "8040a896-191d-44b0-b81f-529ef35e16cb",
              "isHook": false,
              "skipped": false
            },
            {
              "title": "Acceptance Criteria 7 - Back",
              "fullTitle": "Select high level repair description Acceptance Criteria 7 - Back",
              "timedOut": null,
              "duration": 6956,
              "state": "passed",
              "speed": "medium",
              "pass": true,
              "fail": false,
              "pending": false,
              "context": null,
              "code": "propertyLocation_PO.backButton();",
              "err": {},
              "uuid": "a9c91e8d-4713-4f3c-be46-c3238ee69bd0",
              "parentUUID": "8040a896-191d-44b0-b81f-529ef35e16cb",
              "isHook": false,
              "skipped": false
            },
            {
              "title": "Acceptance Criteria 8 - Exit - Select return to my repair",
              "fullTitle": "Select high level repair description Acceptance Criteria 8 - Exit - Select return to my repair",
              "timedOut": null,
              "duration": 8409,
              "state": "passed",
              "speed": "medium",
              "pass": true,
              "fail": false,
              "pending": false,
              "context": null,
              "code": "propertyLocation_PO.exitReturnToMyRepairButton();",
              "err": {},
              "uuid": "fecabf95-1475-456b-9c29-8aa17cf360e4",
              "parentUUID": "8040a896-191d-44b0-b81f-529ef35e16cb",
              "isHook": false,
              "skipped": false
            },
            {
              "title": "Acceptance Criteria 9 - Exit - Select leave this page",
              "fullTitle": "Select high level repair description Acceptance Criteria 9 - Exit - Select leave this page",
              "timedOut": null,
              "duration": 8933,
              "state": "passed",
              "speed": "medium",
              "pass": true,
              "fail": false,
              "pending": false,
              "context": null,
              "code": "propertyLocation_PO.exitLeaveThisPageButton();",
              "err": {},
              "uuid": "689d5812-410f-4468-86b6-7eda24aeed82",
              "parentUUID": "8040a896-191d-44b0-b81f-529ef35e16cb",
              "isHook": false,
              "skipped": false
            },
            {
              "title": "Acceptance Criteria 10 - Back - Select return to my repair",
              "fullTitle": "Select high level repair description Acceptance Criteria 10 - Back - Select return to my repair",
              "timedOut": null,
              "duration": 8737,
              "state": "passed",
              "speed": "medium",
              "pass": true,
              "fail": false,
              "pending": false,
              "context": null,
              "code": "propertyLocation_PO.backReturnToMyRepairButton();",
              "err": {},
              "uuid": "fc7cddfa-3572-426b-9fa8-21cc90d1cc1f",
              "parentUUID": "8040a896-191d-44b0-b81f-529ef35e16cb",
              "isHook": false,
              "skipped": false
            },
            {
              "title": "Acceptance Criteria 11 - Back - Select go back",
              "fullTitle": "Select high level repair description Acceptance Criteria 11 - Back - Select go back",
              "timedOut": null,
              "duration": 9001,
              "state": "passed",
              "speed": "medium",
              "pass": true,
              "fail": false,
              "pending": false,
              "context": null,
              "code": "propertyLocation_PO.backGoBackButton();",
              "err": {},
              "uuid": "08fb3577-3be0-407a-84b5-fb08473e05a8",
              "parentUUID": "8040a896-191d-44b0-b81f-529ef35e16cb",
              "isHook": false,
              "skipped": false
            }
          ],
          "suites": [],
          "passes": [
            "95ce4a81-08be-4ef1-88ff-6d9b8b55010b",
            "b19e37d6-eb62-4b54-863e-1342da479ad9",
            "c83a9763-0e3a-4993-b7fa-45e8bdad12a6",
            "2e2b680f-e614-4586-8887-c4f3c9eeb6fa",
            "d36be860-097b-4730-8ec4-f2499a67237e",
            "844f801a-c101-4bf3-826b-f0f4d62a56aa",
            "a9c91e8d-4713-4f3c-be46-c3238ee69bd0",
            "fecabf95-1475-456b-9c29-8aa17cf360e4",
            "689d5812-410f-4468-86b6-7eda24aeed82",
            "fc7cddfa-3572-426b-9fa8-21cc90d1cc1f",
            "08fb3577-3be0-407a-84b5-fb08473e05a8"
          ],
          "failures": [],
          "pending": [],
          "skipped": [],
          "duration": 192776,
          "root": false,
          "rootEmpty": false,
          "_timeout": 2000
        }
      ],
      "passes": [],
      "failures": [],
      "pending": [],
      "skipped": [],
      "duration": 0,
      "root": true,
      "rootEmpty": true,
      "_timeout": 2000
    },
    {
      "uuid": "ebf3a8cb-8939-4439-a4dc-db41d9342302",
      "title": "",
      "fullFile": "cypress/integration/Sprint1UserStories/US929-Display-property-tenancy-single.js",
      "file": "cypress/integration/Sprint1UserStories/US929-Display-property-tenancy-single.js",
      "beforeHooks": [],
      "afterHooks": [],
      "tests": [],
      "suites": [
        {
          "uuid": "e90d61e8-109e-40d5-ac5e-7f96df60623b",
          "title": "Display property/tenancy - single",
          "fullFile": "",
          "file": "",
          "beforeHooks": [],
          "afterHooks": [],
          "tests": [
            {
              "title": "Acceptance Criteria 1 - Single current tenancies",
              "fullTitle": "Display property/tenancy - single Acceptance Criteria 1 - Single current tenancies",
              "timedOut": null,
              "duration": 8809,
              "state": "passed",
              "speed": "medium",
              "pass": true,
              "fail": false,
              "pending": false,
              "context": null,
              "code": "singleCurrentTenancies_PO.enterCustIDandContinue();",
              "err": {},
              "uuid": "464926d8-36e1-4470-9c54-ad6910fd3814",
              "parentUUID": "e90d61e8-109e-40d5-ac5e-7f96df60623b",
              "isHook": false,
              "skipped": false
            }
          ],
          "suites": [],
          "passes": [
            "464926d8-36e1-4470-9c54-ad6910fd3814"
          ],
          "failures": [],
          "pending": [],
          "skipped": [],
          "duration": 8809,
          "root": false,
          "rootEmpty": false,
          "_timeout": 2000
        }
      ],
      "passes": [],
      "failures": [],
      "pending": [],
      "skipped": [],
      "duration": 0,
      "root": true,
      "rootEmpty": true,
      "_timeout": 2000
    },
    {
      "uuid": "e638fd70-463c-496e-96cc-d53d5c65c06b",
      "title": "",
      "fullFile": "cypress/integration/Sprint2UserStories/US1454-Determine-supplementary-repair-questions.js",
      "file": "cypress/integration/Sprint2UserStories/US1454-Determine-supplementary-repair-questions.js",
      "beforeHooks": [],
      "afterHooks": [],
      "tests": [],
      "suites": [
        {
          "uuid": "3e4ca295-2a2e-498e-8382-8ada5698aa32",
          "title": "Determine supplementary repair questions",
          "fullFile": "",
          "file": "",
          "beforeHooks": [],
          "afterHooks": [],
          "tests": [
            {
              "title": "Acceptance Criteria 1 - Additional question needed ",
              "fullTitle": "Determine supplementary repair questions Acceptance Criteria 1 - Additional question needed ",
              "timedOut": null,
              "duration": 31029,
              "state": "passed",
              "speed": "slow",
              "pass": true,
              "fail": false,
              "pending": false,
              "context": null,
              "code": "determineSupplementaryRepairQues_PO.additionalQuesNeeded();",
              "err": {},
              "uuid": "47dc6177-e2f6-45ae-8bc0-acf550b7dc09",
              "parentUUID": "3e4ca295-2a2e-498e-8382-8ada5698aa32",
              "isHook": false,
              "skipped": false
            },
            {
              "title": "Acceptance Criteria 2 - Additional check Passed",
              "fullTitle": "Determine supplementary repair questions Acceptance Criteria 2 - Additional check Passed",
              "timedOut": null,
              "duration": 36081,
              "state": "passed",
              "speed": "slow",
              "pass": true,
              "fail": false,
              "pending": false,
              "context": null,
              "code": "determineSupplementaryRepairQues_PO.additionalCheckPassed();",
              "err": {},
              "uuid": "bf9e36cf-943d-4b2f-9176-da684757f132",
              "parentUUID": "3e4ca295-2a2e-498e-8382-8ada5698aa32",
              "isHook": false,
              "skipped": false
            },
            {
              "title": "Acceptance Criteria 3 - Additional check Failed",
              "fullTitle": "Determine supplementary repair questions Acceptance Criteria 3 - Additional check Failed",
              "timedOut": null,
              "duration": 30982,
              "state": "passed",
              "speed": "slow",
              "pass": true,
              "fail": false,
              "pending": false,
              "context": null,
              "code": "determineSupplementaryRepairQues_PO.additionalCheckFailed();",
              "err": {},
              "uuid": "b74bf1f0-2825-43fc-a292-3988ae60b87f",
              "parentUUID": "3e4ca295-2a2e-498e-8382-8ada5698aa32",
              "isHook": false,
              "skipped": false
            },
            {
              "title": "Acceptance Criteria 4 - Exit",
              "fullTitle": "Determine supplementary repair questions Acceptance Criteria 4 - Exit",
              "timedOut": null,
              "duration": 7730,
              "state": "passed",
              "speed": "medium",
              "pass": true,
              "fail": false,
              "pending": false,
              "context": null,
              "code": "propertyLocation_PO.exitButton();",
              "err": {},
              "uuid": "a4b4d7a7-ad1a-4484-b950-d793df463dc8",
              "parentUUID": "3e4ca295-2a2e-498e-8382-8ada5698aa32",
              "isHook": false,
              "skipped": false
            },
            {
              "title": "Acceptance Criteria 5 - Back",
              "fullTitle": "Determine supplementary repair questions Acceptance Criteria 5 - Back",
              "timedOut": null,
              "duration": 7629,
              "state": "passed",
              "speed": "medium",
              "pass": true,
              "fail": false,
              "pending": false,
              "context": null,
              "code": "propertyLocation_PO.backButton();",
              "err": {},
              "uuid": "6d329db4-caaf-4548-9c0b-ff19671c7e86",
              "parentUUID": "3e4ca295-2a2e-498e-8382-8ada5698aa32",
              "isHook": false,
              "skipped": false
            },
            {
              "title": "Acceptance Criteria 6 - Exit - Select return to my repair",
              "fullTitle": "Determine supplementary repair questions Acceptance Criteria 6 - Exit - Select return to my repair",
              "timedOut": null,
              "duration": 7830,
              "state": "passed",
              "speed": "medium",
              "pass": true,
              "fail": false,
              "pending": false,
              "context": null,
              "code": "propertyLocation_PO.exitReturnToMyRepairButton();",
              "err": {},
              "uuid": "8a8b618c-37fb-49aa-a048-666279c39d9a",
              "parentUUID": "3e4ca295-2a2e-498e-8382-8ada5698aa32",
              "isHook": false,
              "skipped": false
            },
            {
              "title": "Acceptance Criteria 7 - Exit - Select leave this page",
              "fullTitle": "Determine supplementary repair questions Acceptance Criteria 7 - Exit - Select leave this page",
              "timedOut": null,
              "duration": 7241,
              "state": "passed",
              "speed": "medium",
              "pass": true,
              "fail": false,
              "pending": false,
              "context": null,
              "code": "propertyLocation_PO.exitLeaveThisPageButton();",
              "err": {},
              "uuid": "d8529def-bbbb-43fd-9591-5c384fc7e7dd",
              "parentUUID": "3e4ca295-2a2e-498e-8382-8ada5698aa32",
              "isHook": false,
              "skipped": false
            },
            {
              "title": "Acceptance Criteria 8 - Back - Select return to my repair",
              "fullTitle": "Determine supplementary repair questions Acceptance Criteria 8 - Back - Select return to my repair",
              "timedOut": null,
              "duration": 7735,
              "state": "passed",
              "speed": "medium",
              "pass": true,
              "fail": false,
              "pending": false,
              "context": null,
              "code": "propertyLocation_PO.backReturnToMyRepairButton();",
              "err": {},
              "uuid": "f5ea7503-fc39-477b-9768-084740d44f61",
              "parentUUID": "3e4ca295-2a2e-498e-8382-8ada5698aa32",
              "isHook": false,
              "skipped": false
            },
            {
              "title": "Acceptance Criteria 9 - Back - Select go back",
              "fullTitle": "Determine supplementary repair questions Acceptance Criteria 9 - Back - Select go back",
              "timedOut": null,
              "duration": 8274,
              "state": "passed",
              "speed": "medium",
              "pass": true,
              "fail": false,
              "pending": false,
              "context": null,
              "code": "propertyLocation_PO.backGoBackButton();",
              "err": {},
              "uuid": "820059fd-fc37-445d-aea2-deb8c7d8e84b",
              "parentUUID": "3e4ca295-2a2e-498e-8382-8ada5698aa32",
              "isHook": false,
              "skipped": false
            }
          ],
          "suites": [],
          "passes": [
            "47dc6177-e2f6-45ae-8bc0-acf550b7dc09",
            "bf9e36cf-943d-4b2f-9176-da684757f132",
            "b74bf1f0-2825-43fc-a292-3988ae60b87f",
            "a4b4d7a7-ad1a-4484-b950-d793df463dc8",
            "6d329db4-caaf-4548-9c0b-ff19671c7e86",
            "8a8b618c-37fb-49aa-a048-666279c39d9a",
            "d8529def-bbbb-43fd-9591-5c384fc7e7dd",
            "f5ea7503-fc39-477b-9768-084740d44f61",
            "820059fd-fc37-445d-aea2-deb8c7d8e84b"
          ],
          "failures": [],
          "pending": [],
          "skipped": [],
          "duration": 144531,
          "root": false,
          "rootEmpty": false,
          "_timeout": 2000
        }
      ],
      "passes": [],
      "failures": [],
      "pending": [],
      "skipped": [],
      "duration": 0,
      "root": true,
      "rootEmpty": true,
      "_timeout": 2000
    },
    {
      "uuid": "99706099-862d-454b-bc46-0aa5802d740c",
      "title": "",
      "fullFile": "cypress/integration/Sprint2UserStories/US815-Vandalism-question.js",
      "file": "cypress/integration/Sprint2UserStories/US815-Vandalism-question.js",
      "beforeHooks": [],
      "afterHooks": [],
      "tests": [],
      "suites": [
        {
          "uuid": "a35c2185-a032-47b2-9203-20e61a47e7b2",
          "title": "Vandalism question",
          "fullFile": "",
          "file": "",
          "beforeHooks": [],
          "afterHooks": [],
          "tests": [
            {
              "title": "Acceptance Criteria 1 - Display vandalism question",
              "fullTitle": "Vandalism question Acceptance Criteria 1 - Display vandalism question",
              "timedOut": null,
              "duration": 45433,
              "state": "passed",
              "speed": "slow",
              "pass": true,
              "fail": false,
              "pending": false,
              "context": null,
              "code": "displayVandalismQues_PO.displayVandalismQuesion();",
              "err": {},
              "uuid": "24ade9e3-7981-46f2-9a7a-9cbe2ff4afaf",
              "parentUUID": "a35c2185-a032-47b2-9203-20e61a47e7b2",
              "isHook": false,
              "skipped": false
            },
            {
              "title": "Acceptance Criteria 2 - Repair confirmed as vandalism",
              "fullTitle": "Vandalism question Acceptance Criteria 2 - Repair confirmed as vandalism",
              "timedOut": null,
              "duration": 53557,
              "state": "passed",
              "speed": "slow",
              "pass": true,
              "fail": false,
              "pending": false,
              "context": null,
              "code": "displayVandalismQues_PO.repairConfirmedAsVandalism();",
              "err": {},
              "uuid": "8cb3c24a-2fca-400b-98d9-f418add36fd5",
              "parentUUID": "a35c2185-a032-47b2-9203-20e61a47e7b2",
              "isHook": false,
              "skipped": false
            },
            {
              "title": "Acceptance Criteria 3 - Repair not as vandalism",
              "fullTitle": "Vandalism question Acceptance Criteria 3 - Repair not as vandalism",
              "timedOut": null,
              "duration": 51599,
              "state": "passed",
              "speed": "slow",
              "pass": true,
              "fail": false,
              "pending": false,
              "context": null,
              "code": "displayVandalismQues_PO.repairNotAsVandalism();",
              "err": {},
              "uuid": "5be93845-423f-4f5c-b4a0-4dd0c9a066d5",
              "parentUUID": "a35c2185-a032-47b2-9203-20e61a47e7b2",
              "isHook": false,
              "skipped": false
            },
            {
              "title": "Acceptance Criteria 4 - Exit",
              "fullTitle": "Vandalism question Acceptance Criteria 4 - Exit",
              "timedOut": null,
              "duration": 7517,
              "state": "passed",
              "speed": "medium",
              "pass": true,
              "fail": false,
              "pending": false,
              "context": null,
              "code": "propertyLocation_PO.exitButton();",
              "err": {},
              "uuid": "ec7cb934-6088-4d6a-b9d9-e457d80f556c",
              "parentUUID": "a35c2185-a032-47b2-9203-20e61a47e7b2",
              "isHook": false,
              "skipped": false
            },
            {
              "title": "Acceptance Criteria 5 - Back",
              "fullTitle": "Vandalism question Acceptance Criteria 5 - Back",
              "timedOut": null,
              "duration": 7561,
              "state": "passed",
              "speed": "medium",
              "pass": true,
              "fail": false,
              "pending": false,
              "context": null,
              "code": "propertyLocation_PO.backButton();",
              "err": {},
              "uuid": "8acdae97-5e48-4c91-8c39-cc879683f0a9",
              "parentUUID": "a35c2185-a032-47b2-9203-20e61a47e7b2",
              "isHook": false,
              "skipped": false
            },
            {
              "title": "Acceptance Criteria 6 - Exit - Select return to my repair",
              "fullTitle": "Vandalism question Acceptance Criteria 6 - Exit - Select return to my repair",
              "timedOut": null,
              "duration": 7740,
              "state": "passed",
              "speed": "medium",
              "pass": true,
              "fail": false,
              "pending": false,
              "context": null,
              "code": "propertyLocation_PO.exitReturnToMyRepairButton();",
              "err": {},
              "uuid": "d29f012d-4307-427a-9e73-bf1898784243",
              "parentUUID": "a35c2185-a032-47b2-9203-20e61a47e7b2",
              "isHook": false,
              "skipped": false
            },
            {
              "title": "Acceptance Criteria 7 - Exit - Select leave this page",
              "fullTitle": "Vandalism question Acceptance Criteria 7 - Exit - Select leave this page",
              "timedOut": null,
              "duration": 7949,
              "state": "passed",
              "speed": "medium",
              "pass": true,
              "fail": false,
              "pending": false,
              "context": null,
              "code": "propertyLocation_PO.exitLeaveThisPageButton();",
              "err": {},
              "uuid": "8dc38f88-0fb4-4ac5-ac5a-a195cf1565f8",
              "parentUUID": "a35c2185-a032-47b2-9203-20e61a47e7b2",
              "isHook": false,
              "skipped": false
            },
            {
              "title": "Acceptance Criteria 8 - Back - Select return to my repair",
              "fullTitle": "Vandalism question Acceptance Criteria 8 - Back - Select return to my repair",
              "timedOut": null,
              "duration": 7607,
              "state": "passed",
              "speed": "medium",
              "pass": true,
              "fail": false,
              "pending": false,
              "context": null,
              "code": "propertyLocation_PO.backReturnToMyRepairButton();",
              "err": {},
              "uuid": "3d6f5b39-0300-429d-a109-51a25bfcb86e",
              "parentUUID": "a35c2185-a032-47b2-9203-20e61a47e7b2",
              "isHook": false,
              "skipped": false
            },
            {
              "title": "Acceptance Criteria 9 - Back - Select go back",
              "fullTitle": "Vandalism question Acceptance Criteria 9 - Back - Select go back",
              "timedOut": null,
              "duration": 8147,
              "state": "passed",
              "speed": "medium",
              "pass": true,
              "fail": false,
              "pending": false,
              "context": null,
              "code": "propertyLocation_PO.backGoBackButton();",
              "err": {},
              "uuid": "20f277e9-1c03-4fef-9874-439c729957e0",
              "parentUUID": "a35c2185-a032-47b2-9203-20e61a47e7b2",
              "isHook": false,
              "skipped": false
            }
          ],
          "suites": [],
          "passes": [
            "24ade9e3-7981-46f2-9a7a-9cbe2ff4afaf",
            "8cb3c24a-2fca-400b-98d9-f418add36fd5",
            "5be93845-423f-4f5c-b4a0-4dd0c9a066d5",
            "ec7cb934-6088-4d6a-b9d9-e457d80f556c",
            "8acdae97-5e48-4c91-8c39-cc879683f0a9",
            "d29f012d-4307-427a-9e73-bf1898784243",
            "8dc38f88-0fb4-4ac5-ac5a-a195cf1565f8",
            "3d6f5b39-0300-429d-a109-51a25bfcb86e",
            "20f277e9-1c03-4fef-9874-439c729957e0"
          ],
          "failures": [],
          "pending": [],
          "skipped": [],
          "duration": 197110,
          "root": false,
          "rootEmpty": false,
          "_timeout": 2000
        }
      ],
      "passes": [],
      "failures": [],
      "pending": [],
      "skipped": [],
      "duration": 0,
      "root": true,
      "rootEmpty": true,
      "_timeout": 2000
    },
    {
      "uuid": "0c40cc0a-0e11-41a0-8019-13cb3374c639",
      "title": "",
      "fullFile": "cypress/integration/Sprint2UserStories/US816-Covid-question.js",
      "file": "cypress/integration/Sprint2UserStories/US816-Covid-question.js",
      "beforeHooks": [],
      "afterHooks": [],
      "tests": [],
      "suites": [
        {
          "uuid": "fef6b210-5462-4115-9859-f44cf1722dc3",
          "title": "Covid question",
          "fullFile": "",
          "file": "",
          "beforeHooks": [],
          "afterHooks": [],
          "tests": [
            {
              "title": "Acceptance Criteria 1 - Self-isolating question displayed",
              "fullTitle": "Covid question Acceptance Criteria 1 - Self-isolating question displayed",
              "timedOut": null,
              "duration": 56650,
              "state": "failed",
              "speed": null,
              "pass": false,
              "fail": true,
              "pending": false,
              "context": null,
              "code": "displayCovidQues_PO.selfIsolatingQuesDisplayed();",
              "err": {
                "message": "AssertionError: Timed out retrying after 4000ms: expected '<h1#covidQues-h1>' to have text 'Can you tell us more about yourself?', but the text was 'Is anybody in the property self isolating due to COVID-19?'",
                "estack": "AssertionError: Timed out retrying after 4000ms: expected '<h1#covidQues-h1>' to have text 'Can you tell us more about yourself?', but the text was 'Is anybody in the property self isolating due to COVID-19?'\n    at DisplayCovidQues_PO.selfIsolatingQuesDisplayed (https://pb-uks-test-dep-selfserve-fe.azurewebsites.net/__cypress/tests?p=cypress\\integration\\Sprint2UserStories\\US816-Covid-question.js:251:18)\n    at Context.eval (https://pb-uks-test-dep-selfserve-fe.azurewebsites.net/__cypress/tests?p=cypress\\integration\\Sprint2UserStories\\US816-Covid-question.js:139:25)",
                "diff": "- 'Is anybody in the property self isolating due to COVID-19?'\n+ 'Can you tell us more about yourself?'\n"
              },
              "uuid": "75595219-b8c4-4840-9526-6ca326608e7e",
              "parentUUID": "fef6b210-5462-4115-9859-f44cf1722dc3",
              "isHook": false,
              "skipped": false
            },
            {
              "title": "Acceptance Criteria 2 - Self-isolating response - NO",
              "fullTitle": "Covid question Acceptance Criteria 2 - Self-isolating response - NO",
              "timedOut": null,
              "duration": 63315,
              "state": "failed",
              "speed": null,
              "pass": false,
              "fail": true,
              "pending": false,
              "context": null,
              "code": "displayCovidQues_PO.selfIsolatingResponseNo();",
              "err": {
                "message": "AssertionError: Timed out retrying after 4000ms: expected '<h1#covidQues-h1>' to have text 'Can you tell us more about yourself?', but the text was 'Is anybody in the property self isolating due to COVID-19?'",
                "estack": "AssertionError: Timed out retrying after 4000ms: expected '<h1#covidQues-h1>' to have text 'Can you tell us more about yourself?', but the text was 'Is anybody in the property self isolating due to COVID-19?'\n    at DisplayCovidQues_PO.selfIsolatingResponseNo (https://pb-uks-test-dep-selfserve-fe.azurewebsites.net/__cypress/tests?p=cypress\\integration\\Sprint2UserStories\\US816-Covid-question.js:313:18)\n    at Context.eval (https://pb-uks-test-dep-selfserve-fe.azurewebsites.net/__cypress/tests?p=cypress\\integration\\Sprint2UserStories\\US816-Covid-question.js:142:25)",
                "diff": "- 'Is anybody in the property self isolating due to COVID-19?'\n+ 'Can you tell us more about yourself?'\n"
              },
              "uuid": "7f53d2cf-54a0-4cc8-8bea-f9102d2a9dec",
              "parentUUID": "fef6b210-5462-4115-9859-f44cf1722dc3",
              "isHook": false,
              "skipped": false
            },
            {
              "title": "Acceptance Criteria 3 - Self-isolating response - YES",
              "fullTitle": "Covid question Acceptance Criteria 3 - Self-isolating response - YES",
              "timedOut": null,
              "duration": 75075,
              "state": "failed",
              "speed": null,
              "pass": false,
              "fail": true,
              "pending": false,
              "context": null,
              "code": "displayCovidQues_PO.selfIsolatingResponseYes();",
              "err": {
                "message": "AssertionError: Timed out retrying after 4000ms: expected '<h1#covidQues-h1>' to have text 'Can you tell us more about yourself?', but the text was 'Is anybody in the property self isolating due to COVID-19?'",
                "estack": "AssertionError: Timed out retrying after 4000ms: expected '<h1#covidQues-h1>' to have text 'Can you tell us more about yourself?', but the text was 'Is anybody in the property self isolating due to COVID-19?'\n    at DisplayCovidQues_PO.selfIsolatingResponseYes (https://pb-uks-test-dep-selfserve-fe.azurewebsites.net/__cypress/tests?p=cypress\\integration\\Sprint2UserStories\\US816-Covid-question.js:376:18)\n    at Context.eval (https://pb-uks-test-dep-selfserve-fe.azurewebsites.net/__cypress/tests?p=cypress\\integration\\Sprint2UserStories\\US816-Covid-question.js:145:25)",
                "diff": "- 'Is anybody in the property self isolating due to COVID-19?'\n+ 'Can you tell us more about yourself?'\n"
              },
              "uuid": "b6fb0d48-dd1c-4747-b809-e71c519f5382",
              "parentUUID": "fef6b210-5462-4115-9859-f44cf1722dc3",
              "isHook": false,
              "skipped": false
            },
            {
              "title": "Acceptance Criteria 4 - Self-isolating question is NOT ANSWERED",
              "fullTitle": "Covid question Acceptance Criteria 4 - Self-isolating question is NOT ANSWERED",
              "timedOut": null,
              "duration": 78190,
              "state": "failed",
              "speed": null,
              "pass": false,
              "fail": true,
              "pending": false,
              "context": null,
              "code": "displayCovidQues_PO.selfIsolatingQuesNotAnswered();",
              "err": {
                "message": "AssertionError: Timed out retrying after 4000ms: expected '<h1#covidQues-h1>' to have text 'Can you tell us more about yourself?', but the text was 'Is anybody in the property self isolating due to COVID-19?'",
                "estack": "AssertionError: Timed out retrying after 4000ms: expected '<h1#covidQues-h1>' to have text 'Can you tell us more about yourself?', but the text was 'Is anybody in the property self isolating due to COVID-19?'\n    at DisplayCovidQues_PO.selfIsolatingQuesNotAnswered (https://pb-uks-test-dep-selfserve-fe.azurewebsites.net/__cypress/tests?p=cypress\\integration\\Sprint2UserStories\\US816-Covid-question.js:439:18)\n    at Context.eval (https://pb-uks-test-dep-selfserve-fe.azurewebsites.net/__cypress/tests?p=cypress\\integration\\Sprint2UserStories\\US816-Covid-question.js:148:25)",
                "diff": "- 'Is anybody in the property self isolating due to COVID-19?'\n+ 'Can you tell us more about yourself?'\n"
              },
              "uuid": "30b71eee-7b67-47fd-832c-995ad004b17f",
              "parentUUID": "fef6b210-5462-4115-9859-f44cf1722dc3",
              "isHook": false,
              "skipped": false
            },
            {
              "title": "Acceptance Criteria 5 - Exit",
              "fullTitle": "Covid question Acceptance Criteria 5 - Exit",
              "timedOut": null,
              "duration": 20206,
              "state": "passed",
              "speed": "slow",
              "pass": true,
              "fail": false,
              "pending": false,
              "context": null,
              "code": "propertyLocation_PO.exitButton();",
              "err": {},
              "uuid": "ed912c5c-40d5-4c6e-a33a-13f1dcedf982",
              "parentUUID": "fef6b210-5462-4115-9859-f44cf1722dc3",
              "isHook": false,
              "skipped": false
            },
            {
              "title": "Acceptance Criteria 6 - Back",
              "fullTitle": "Covid question Acceptance Criteria 6 - Back",
              "timedOut": null,
              "duration": 16735,
              "state": "passed",
              "speed": "slow",
              "pass": true,
              "fail": false,
              "pending": false,
              "context": null,
              "code": "propertyLocation_PO.backButton();",
              "err": {},
              "uuid": "0d70fc87-b0d5-4364-9958-ab8d0f047331",
              "parentUUID": "fef6b210-5462-4115-9859-f44cf1722dc3",
              "isHook": false,
              "skipped": false
            },
            {
              "title": "Acceptance Criteria 7 - Exit - Select return to my repair",
              "fullTitle": "Covid question Acceptance Criteria 7 - Exit - Select return to my repair",
              "timedOut": null,
              "duration": 15196,
              "state": "passed",
              "speed": "slow",
              "pass": true,
              "fail": false,
              "pending": false,
              "context": null,
              "code": "propertyLocation_PO.exitReturnToMyRepairButton();",
              "err": {},
              "uuid": "98044b50-474b-453e-a4a0-9c1c02d4efe0",
              "parentUUID": "fef6b210-5462-4115-9859-f44cf1722dc3",
              "isHook": false,
              "skipped": false
            },
            {
              "title": "Acceptance Criteria 8 - Exit - Select leave this page",
              "fullTitle": "Covid question Acceptance Criteria 8 - Exit - Select leave this page",
              "timedOut": null,
              "duration": 17200,
              "state": "passed",
              "speed": "slow",
              "pass": true,
              "fail": false,
              "pending": false,
              "context": null,
              "code": "propertyLocation_PO.exitLeaveThisPageButton();",
              "err": {},
              "uuid": "87ca48fb-bc30-40e3-b178-b4594268bfd9",
              "parentUUID": "fef6b210-5462-4115-9859-f44cf1722dc3",
              "isHook": false,
              "skipped": false
            },
            {
              "title": "Acceptance Criteria 9 - Back - Select return to my repair",
              "fullTitle": "Covid question Acceptance Criteria 9 - Back - Select return to my repair",
              "timedOut": null,
              "duration": 22197,
              "state": "passed",
              "speed": "slow",
              "pass": true,
              "fail": false,
              "pending": false,
              "context": null,
              "code": "propertyLocation_PO.backReturnToMyRepairButton();",
              "err": {},
              "uuid": "241f90d7-01a1-4d68-af37-33d6d652c4e3",
              "parentUUID": "fef6b210-5462-4115-9859-f44cf1722dc3",
              "isHook": false,
              "skipped": false
            },
            {
              "title": "Acceptance Criteria 10 - Back - Select go back",
              "fullTitle": "Covid question Acceptance Criteria 10 - Back - Select go back",
              "timedOut": null,
              "duration": 19556,
              "state": "passed",
              "speed": "slow",
              "pass": true,
              "fail": false,
              "pending": false,
              "context": null,
              "code": "propertyLocation_PO.backGoBackButton();",
              "err": {},
              "uuid": "9208cee4-e7f1-43a7-88de-d5bedf46d2d1",
              "parentUUID": "fef6b210-5462-4115-9859-f44cf1722dc3",
              "isHook": false,
              "skipped": false
            }
          ],
          "suites": [],
          "passes": [
            "ed912c5c-40d5-4c6e-a33a-13f1dcedf982",
            "0d70fc87-b0d5-4364-9958-ab8d0f047331",
            "98044b50-474b-453e-a4a0-9c1c02d4efe0",
            "87ca48fb-bc30-40e3-b178-b4594268bfd9",
            "241f90d7-01a1-4d68-af37-33d6d652c4e3",
            "9208cee4-e7f1-43a7-88de-d5bedf46d2d1"
          ],
          "failures": [
            "75595219-b8c4-4840-9526-6ca326608e7e",
            "7f53d2cf-54a0-4cc8-8bea-f9102d2a9dec",
            "b6fb0d48-dd1c-4747-b809-e71c519f5382",
            "30b71eee-7b67-47fd-832c-995ad004b17f"
          ],
          "pending": [],
          "skipped": [],
          "duration": 384320,
          "root": false,
          "rootEmpty": false,
          "_timeout": 2000
        }
      ],
      "passes": [],
      "failures": [],
      "pending": [],
      "skipped": [],
      "duration": 0,
      "root": true,
      "rootEmpty": true,
      "_timeout": 2000
    },
    {
      "uuid": "2c49e1df-038f-4fa9-92c6-a9600f712215",
      "title": "",
      "fullFile": "cypress/integration/Sprint2UserStories/US817-Vulnerability-question-page.js",
      "file": "cypress/integration/Sprint2UserStories/US817-Vulnerability-question-page.js",
      "beforeHooks": [],
      "afterHooks": [],
      "tests": [],
      "suites": [
        {
          "uuid": "d9113921-3373-4cfb-9a6b-3d9eec29b6b1",
          "title": "Vulnerability question pages",
          "fullFile": "",
          "file": "",
          "beforeHooks": [],
          "afterHooks": [],
          "tests": [
            {
              "title": "Acceptance Criteria 2 - Vulnerability question page NOT displayed",
              "fullTitle": "Vulnerability question pages Acceptance Criteria 2 - Vulnerability question page NOT displayed",
              "timedOut": null,
              "duration": 45410,
              "state": "passed",
              "speed": "slow",
              "pass": true,
              "fail": false,
              "pending": false,
              "context": null,
              "code": "displayVulnerabilityQues_PO.VulnerabilityQuesPageNotDisplayed();",
              "err": {},
              "uuid": "4232a10c-7905-4473-8812-9587250d81f6",
              "parentUUID": "d9113921-3373-4cfb-9a6b-3d9eec29b6b1",
              "isHook": false,
              "skipped": false
            }
          ],
          "suites": [],
          "passes": [
            "4232a10c-7905-4473-8812-9587250d81f6"
          ],
          "failures": [],
          "pending": [],
          "skipped": [],
          "duration": 45410,
          "root": false,
          "rootEmpty": false,
          "_timeout": 2000
        }
      ],
      "passes": [],
      "failures": [],
      "pending": [],
      "skipped": [],
      "duration": 0,
      "root": true,
      "rootEmpty": true,
      "_timeout": 2000
    },
    {
      "uuid": "6bcea93e-bd2b-494b-a118-f7ca1e5bcbe0",
      "title": "",
      "fullFile": "cypress/integration/Sprint2UserStories/US818-Enter-or-Confirm-contact-information.js",
      "file": "cypress/integration/Sprint2UserStories/US818-Enter-or-Confirm-contact-information.js",
      "beforeHooks": [],
      "afterHooks": [],
      "tests": [],
      "suites": [
        {
          "uuid": "da65175a-136e-4e0e-9dd4-883a0f97ab9a",
          "title": "Enter or Confirm contact informations",
          "fullFile": "",
          "file": "",
          "beforeHooks": [],
          "afterHooks": [],
          "tests": [
            {
              "title": "Acceptance Criteria 2 - Display contact numbers - no numbers available",
              "fullTitle": "Enter or Confirm contact informations Acceptance Criteria 2 - Display contact numbers - no numbers available",
              "timedOut": null,
              "duration": 69348,
              "state": "failed",
              "speed": null,
              "pass": false,
              "fail": true,
              "pending": false,
              "context": null,
              "code": "enterOrConfirmContactInfo_PO.displayContactNumbersNoNumbersAvailable();",
              "err": {
                "message": "AssertionError: Timed out retrying after 4000ms: expected '<h1#custDetails-h1.py-2.h5.my-5.question.repair-text>' to have text 'Sometimes we may need to contact or update your about your repair. Please select or enter your best contact number.', but the text was 'Sometimes we may need to contact or update you about a repair.'",
                "estack": "AssertionError: Timed out retrying after 4000ms: expected '<h1#custDetails-h1.py-2.h5.my-5.question.repair-text>' to have text 'Sometimes we may need to contact or update your about your repair. Please select or enter your best contact number.', but the text was 'Sometimes we may need to contact or update you about a repair.'\n    at EnterOrConfirmContactInfo_PO.displayContactNumbersNoNumbersAvailable (https://pb-uks-test-dep-selfserve-fe.azurewebsites.net/__cypress/tests?p=cypress\\integration\\Sprint2UserStories\\US818-Enter-or-Confirm-contact-information.js:629:31)\n    at Context.eval (https://pb-uks-test-dep-selfserve-fe.azurewebsites.net/__cypress/tests?p=cypress\\integration\\Sprint2UserStories\\US818-Enter-or-Confirm-contact-information.js:142:34)",
                "diff": "- 'Sometimes we may need to contact or update you about a repair.'\n+ 'Sometimes we may need to contact or update your about your repair. Please select or enter your best contact number.'\n"
              },
              "uuid": "49cb56a6-5381-47f6-b7ab-5fbea99aeaea",
              "parentUUID": "da65175a-136e-4e0e-9dd4-883a0f97ab9a",
              "isHook": false,
              "skipped": false
            }
          ],
          "suites": [],
          "passes": [],
          "failures": [
            "49cb56a6-5381-47f6-b7ab-5fbea99aeaea"
          ],
          "pending": [],
          "skipped": [],
          "duration": 69348,
          "root": false,
          "rootEmpty": false,
          "_timeout": 2000
        }
      ],
      "passes": [],
      "failures": [],
      "pending": [],
      "skipped": [],
      "duration": 0,
      "root": true,
      "rootEmpty": true,
      "_timeout": 2000
    },
    {
      "uuid": "38c7bd53-5256-421e-a586-41a15948bb9c",
      "title": "",
      "fullFile": "cypress/integration/Sprint2UserStories/US900-Describe-the-repair-additional-details.js",
      "file": "cypress/integration/Sprint2UserStories/US900-Describe-the-repair-additional-details.js",
      "beforeHooks": [],
      "afterHooks": [],
      "tests": [],
      "suites": [
        {
          "uuid": "9381e4e0-62b5-458b-b42e-5220f92f4b7a",
          "title": "Describe the repair (additional details)",
          "fullFile": "",
          "file": "",
          "beforeHooks": [],
          "afterHooks": [],
          "tests": [
            {
              "title": "Acceptance Criteria 1 - Input additional description ",
              "fullTitle": "Describe the repair (additional details) Acceptance Criteria 1 - Input additional description ",
              "timedOut": null,
              "duration": 45743,
              "state": "passed",
              "speed": "slow",
              "pass": true,
              "fail": false,
              "pending": false,
              "context": null,
              "code": "describetherepair_PO.inputAdditionalDescription();",
              "err": {},
[...]
                "diff": "- ' Please provide as much information as possible about this repair'\n+ '  This repair is being raised as an emergency. Will someone over 18 be at home in the next four hours to let our contractor in? '\n"
              },
              "uuid": "0ae41c61-0721-4f08-9c86-5ee5f684f577",
              "parentUUID": "a1ad635e-3ff3-4351-a6b8-19363150249d",
              "isHook": false,
              "skipped": false
            }
          ],
          "suites": [],
          "passes": [
            "aa60bd96-3411-4cf9-b037-3132070872a5",
            "d604af83-9d96-4365-9080-afab4d17056f"
          ],
          "failures": [
            "0ae41c61-0721-4f08-9c86-5ee5f684f577"
          ],
          "pending": [],
          "skipped": [],
          "duration": 83317,
          "root": false,
          "rootEmpty": false,
          "_timeout": 2000
        }
      ],
      "passes": [],
      "failures": [],
      "pending": [],
      "skipped": [],
      "duration": 0,
      "root": true,
      "rootEmpty": true,
      "_timeout": 2000
    },
    {
      "uuid": "62420631-e292-4a0a-a1e9-dde4e6cbfb36",
      "title": "",
      "fullFile": "cypress/integration/Sprint3UserStories/US813-Duplicate-repair-page.js",
      "file": "cypress/integration/Sprint3UserStories/US813-Duplicate-repair-page.js",
      "beforeHooks": [],
      "afterHooks": [],
      "tests": [],
      "suites": [
        {
          "uuid": "251051c2-ce14-4a57-a270-e9a1bd612804",
          "title": "Duplicate repair page",
          "fullFile": "",
          "file": "",
          "beforeHooks": [],
          "afterHooks": [],
          "tests": [
            {
              "title": "Acceptance Criteria 1 - Potential duplicate(s) identified",
              "fullTitle": "Duplicate repair page Acceptance Criteria 1 - Potential duplicate(s) identified",
              "timedOut": null,
              "duration": 35275,
              "state": "failed",
              "speed": null,
              "pass": false,
              "fail": true,
              "pending": false,
              "context": null,
              "code": "duplicateRepairPage_PO.potentialDuplicateIdentified();",
              "err": {
                "message": "AssertionError: Timed out retrying after 4000ms: expected '<h1>' to have text '  This repair is being raised as an emergency. Will someone over 18 be at home in the next four hours to let our contractor in? ', but the text was 'It looks like similar repairs have been reported recently. Please check these before continuing with a new repair. '",
                "estack": "AssertionError: Timed out retrying after 4000ms: expected '<h1>' to have text '  This repair is being raised as an emergency. Will someone over 18 be at home in the next four hours to let our contractor in? ', but the text was 'It looks like similar repairs have been reported recently. Please check these before continuing with a new repair. '\n    at DuplicateRepairPage_PO.potentialDuplicateIdentified (https://pb-uks-test-dep-selfserve-fe.azurewebsites.net/__cypress/tests?p=cypress\\integration\\Sprint3UserStories\\US813-Duplicate-repair-page.js:526:18)\n    at Context.eval (https://pb-uks-test-dep-selfserve-fe.azurewebsites.net/__cypress/tests?p=cypress\\integration\\Sprint3UserStories\\US813-Duplicate-repair-page.js:139:28)",
                "diff": "- 'It looks like similar repairs have been reported recently. Please check these before continuing with a new repair. '\n+ '  This repair is being raised as an emergency. Will someone over 18 be at home in the next four hours to let our contractor in? '\n"
              },
              "uuid": "8abfc32e-c4f5-46a5-b657-4d55998b6230",
              "parentUUID": "251051c2-ce14-4a57-a270-e9a1bd612804",
              "isHook": false,
              "skipped": false
            },
            {
              "title": "Acceptance Criteria 2 - NO potential duplicate(s) identified",
              "fullTitle": "Duplicate repair page Acceptance Criteria 2 - NO potential duplicate(s) identified",
              "timedOut": null,
              "duration": 32818,
              "state": "failed",
              "speed": null,
              "pass": false,
              "fail": true,
              "pending": false,
              "context": null,
              "code": "duplicateRepairPage_PO.noPotentialDuplicateIdentified();",
              "err": {
                "message": "AssertionError: Timed out retrying after 4000ms: expected '<h1#repAddDet-h1>' to have text '  This repair is being raised as an emergency. Will someone over 18 be at home in the next four hours to let our contractor in? ', but the text was ' Please provide as much information as possible about this repair'",
                "estack": "AssertionError: Timed out retrying after 4000ms: expected '<h1#repAddDet-h1>' to have text '  This repair is being raised as an emergency. Will someone over 18 be at home in the next four hours to let our contractor in? ', but the text was ' Please provide as much information as possible about this repair'\n    at DuplicateRepairPage_PO.noPotentialDuplicateIdentified (https://pb-uks-test-dep-selfserve-fe.azurewebsites.net/__cypress/tests?p=cypress\\integration\\Sprint3UserStories\\US813-Duplicate-repair-page.js:581:18)\n    at Context.eval (https://pb-uks-test-dep-selfserve-fe.azurewebsites.net/__cypress/tests?p=cypress\\integration\\Sprint3UserStories\\US813-Duplicate-repair-page.js:142:28)",
                "diff": "- ' Please provide as much information as possible about this repair'\n+ '  This repair is being raised as an emergency. Will someone over 18 be at home in the next four hours to let our contractor in? '\n"
              },
              "uuid": "67d8f134-81aa-44fc-aeab-d1abc93806ca",
              "parentUUID": "251051c2-ce14-4a57-a270-e9a1bd612804",
              "isHook": false,
              "skipped": false
            },
            {
              "title": "Acceptance Criteria 3 - Select a duplicate repair",
              "fullTitle": "Duplicate repair page Acceptance Criteria 3 - Select a duplicate repair",
              "timedOut": null,
              "duration": 37143,
              "state": "failed",
              "speed": null,
              "pass": false,
              "fail": true,
              "pending": false,
              "context": null,
              "code": "duplicateRepairPage_PO.selectADuplicateRepair();",
              "err": {
                "message": "AssertionError: Timed out retrying after 4000ms: expected '<h1>' to have text '  This repair is being raised as an emergency. Will someone over 18 be at home in the next four hours to let our contractor in? ', but the text was 'It looks like similar repairs have been reported recently. Please check these before continuing with a new repair. '",
                "estack": "AssertionError: Timed out retrying after 4000ms: expected '<h1>' to have text '  This repair is being raised as an emergency. Will someone over 18 be at home in the next four hours to let our contractor in? ', but the text was 'It looks like similar repairs have been reported recently. Please check these before continuing with a new repair. '\n    at DuplicateRepairPage_PO.selectADuplicateRepair (https://pb-uks-test-dep-selfserve-fe.azurewebsites.net/__cypress/tests?p=cypress\\integration\\Sprint3UserStories\\US813-Duplicate-repair-page.js:633:18)\n    at Context.eval (https://pb-uks-test-dep-selfserve-fe.azurewebsites.net/__cypress/tests?p=cypress\\integration\\Sprint3UserStories\\US813-Duplicate-repair-page.js:145:28)",
                "diff": "- 'It looks like similar repairs have been reported recently. Please check these before continuing with a new repair. '\n+ '  This repair is being raised as an emergency. Will someone over 18 be at home in the next four hours to let our contractor in? '\n"
              },
              "uuid": "8fcb11e8-1bce-44da-ab57-d33fe14f2daf",
              "parentUUID": "251051c2-ce14-4a57-a270-e9a1bd612804",
              "isHook": false,
              "skipped": false
            },
            {
              "title": "Acceptance Criteria 4 - 'None of the above'",
              "fullTitle": "Duplicate repair page Acceptance Criteria 4 - 'None of the above'",
              "timedOut": null,
              "duration": 37767,
              "state": "failed",
              "speed": null,
              "pass": false,
              "fail": true,
              "pending": false,
              "context": null,
              "code": "duplicateRepairPage_PO.noneOfTheAbove();",
              "err": {
                "message": "AssertionError: Timed out retrying after 4000ms: expected '<h1>' to have text '  This repair is being raised as an emergency. Will someone over 18 be at home in the next four hours to let our contractor in? ', but the text was 'It looks like similar repairs have been reported recently. Please check these before continuing with a new repair. '",
                "estack": "AssertionError: Timed out retrying after 4000ms: expected '<h1>' to have text '  This repair is being raised as an emergency. Will someone over 18 be at home in the next four hours to let our contractor in? ', but the text was 'It looks like similar repairs have been reported recently. Please check these before continuing with a new repair. '\n    at DuplicateRepairPage_PO.noneOfTheAbove (https://pb-uks-test-dep-selfserve-fe.azurewebsites.net/__cypress/tests?p=cypress\\integration\\Sprint3UserStories\\US813-Duplicate-repair-page.js:683:18)\n    at Context.eval (https://pb-uks-test-dep-selfserve-fe.azurewebsites.net/__cypress/tests?p=cypress\\integration\\Sprint3UserStories\\US813-Duplicate-repair-page.js:148:28)",
                "diff": "- 'It looks like similar repairs have been reported recently. Please check these before continuing with a new repair. '\n+ '  This repair is being raised as an emergency. Will someone over 18 be at home in the next four hours to let our contractor in? '\n"
              },
              "uuid": "b07dfca3-15e0-47ec-a12e-672407dba87c",
              "parentUUID": "251051c2-ce14-4a57-a270-e9a1bd612804",
              "isHook": false,
              "skipped": false
            },
            {
              "title": "Acceptance Criteria 5 - Exit",
              "fullTitle": "Duplicate repair page Acceptance Criteria 5 - Exit",
              "timedOut": null,
              "duration": 9848,
              "state": "passed",
              "speed": "medium",
              "pass": true,
              "fail": false,
              "pending": false,
              "context": null,
              "code": "propertyLocation_PO.exitButton();",
              "err": {},
              "uuid": "fdaa9dde-39b5-4b45-b6f9-0d9c06eb03bb",
              "parentUUID": "251051c2-ce14-4a57-a270-e9a1bd612804",
              "isHook": false,
              "skipped": false
            },
            {
              "title": "Acceptance Criteria 6 - Back",
              "fullTitle": "Duplicate repair page Acceptance Criteria 6 - Back",
              "timedOut": null,
              "duration": 10102,
              "state": "passed",
              "speed": "slow",
              "pass": true,
              "fail": false,
              "pending": false,
              "context": null,
              "code": "propertyLocation_PO.backButton();",
              "err": {},
              "uuid": "05a920e8-21dc-473d-9194-0048aeda662e",
              "parentUUID": "251051c2-ce14-4a57-a270-e9a1bd612804",
              "isHook": false,
              "skipped": false
            },
            {
              "title": "Acceptance Criteria 7 - Exit - Select return to my repair",
              "fullTitle": "Duplicate repair page Acceptance Criteria 7 - Exit - Select return to my repair",
              "timedOut": null,
              "duration": 10055,
              "state": "passed",
              "speed": "slow",
              "pass": true,
              "fail": false,
              "pending": false,
              "context": null,
              "code": "propertyLocation_PO.exitReturnToMyRepairButton();",
              "err": {},
              "uuid": "6e0e1f79-dcab-408d-8f8a-535b831c7a3c",
              "parentUUID": "251051c2-ce14-4a57-a270-e9a1bd612804",
              "isHook": false,
              "skipped": false
            },
            {
              "title": "Acceptance Criteria 8 - Exit - Select leave this page",
              "fullTitle": "Duplicate repair page Acceptance Criteria 8 - Exit - Select leave this page",
              "timedOut": null,
              "duration": 8523,
              "state": "passed",
              "speed": "medium",
              "pass": true,
              "fail": false,
              "pending": false,
              "context": null,
              "code": "propertyLocation_PO.exitLeaveThisPageButton();",
              "err": {},
              "uuid": "678765c2-1ad4-4281-8715-43669b8a9fef",
              "parentUUID": "251051c2-ce14-4a57-a270-e9a1bd612804",
              "isHook": false,
              "skipped": false
            },
            {
              "title": "Acceptance Criteria 9 - Back - Select return to my repair",
              "fullTitle": "Duplicate repair page Acceptance Criteria 9 - Back - Select return to my repair",
              "timedOut": null,
              "duration": 8371,
              "state": "passed",
              "speed": "medium",
              "pass": true,
              "fail": false,
              "pending": false,
              "context": null,
              "code": "propertyLocation_PO.backReturnToMyRepairButton();",
              "err": {},
              "uuid": "d2daa42e-2c62-4cd6-bb53-fb89d5f3f85f",
              "parentUUID": "251051c2-ce14-4a57-a270-e9a1bd612804",
              "isHook": false,
              "skipped": false
            },
            {
              "title": "Acceptance Criteria 10 - Back - Select go back",
              "fullTitle": "Duplicate repair page Acceptance Criteria 10 - Back - Select go back",
              "timedOut": null,
              "duration": 15021,
              "state": "failed",
              "speed": null,
              "pass": false,
              "fail": true,
              "pending": false,
              "context": null,
              "code": "propertyLocation_PO.backGoBackButton();",
              "err": {
                "message": "AssertionError: Timed out retrying after 4000ms: Expected to find element: `.MuiFormLabel-root`, but never found it.",
                "estack": "AssertionError: Timed out retrying after 4000ms: Expected to find element: `.MuiFormLabel-root`, but never found it.\n    at PropertyLocation_PO.backGoBackButton (https://pb-uks-test-dep-selfserve-fe.azurewebsites.net/__cypress/tests?p=cypress\\integration\\Sprint3UserStories\\US813-Duplicate-repair-page.js:450:34)\n    at Context.eval (https://pb-uks-test-dep-selfserve-fe.azurewebsites.net/__cypress/tests?p=cypress\\integration\\Sprint3UserStories\\US813-Duplicate-repair-page.js:166:25)",
                "diff": null
              },
              "uuid": "de23eb9b-8e62-458f-bd38-0df095b05f77",
              "parentUUID": "251051c2-ce14-4a57-a270-e9a1bd612804",
              "isHook": false,
              "skipped": false
            }
          ],
          "suites": [],
          "passes": [
            "fdaa9dde-39b5-4b45-b6f9-0d9c06eb03bb",
            "05a920e8-21dc-473d-9194-0048aeda662e",
            "6e0e1f79-dcab-408d-8f8a-535b831c7a3c",
            "678765c2-1ad4-4281-8715-43669b8a9fef",
            "d2daa42e-2c62-4cd6-bb53-fb89d5f3f85f"
          ],
          "failures": [
            "8abfc32e-c4f5-46a5-b657-4d55998b6230",
            "67d8f134-81aa-44fc-aeab-d1abc93806ca",
            "8fcb11e8-1bce-44da-ab57-d33fe14f2daf",
            "b07dfca3-15e0-47ec-a12e-672407dba87c",
            "de23eb9b-8e62-458f-bd38-0df095b05f77"
          ],
          "pending": [],
          "skipped": [],
          "duration": 204923,
          "root": false,
          "rootEmpty": false,
          "_timeout": 2000
        }
      ],
      "passes": [],
      "failures": [],
      "pending": [],
      "skipped": [],
      "duration": 0,
      "root": true,
      "rootEmpty": true,
      "_timeout": 2000
    },
    {
      "uuid": "208ed2a9-0a38-4e63-9ca2-7bb251abdb04",
      "title": "",
      "fullFile": "cypress/integration/Login/login.js",
      "file": "cypress/integration/Login/login.js",
      "beforeHooks": [],
      "afterHooks": [],
      "tests": [],
      "suites": [
        {
          "uuid": "c78c4b9d-c1d5-418b-a32f-7d83b398957a",
          "title": "Reference page for Login",
          "fullFile": "",
          "file": "",
          "beforeHooks": [],
          "afterHooks": [],
          "tests": [
            {
              "title": "Open the url for the refernce page",
              "fullTitle": "Reference page for Login Open the url for the refernce page",
              "timedOut": null,
              "duration": 19,
              "state": "passed",
              "speed": "fast",
              "pass": true,
              "fail": false,
              "pending": false,
              "context": null,
              "code": "//     cy.visit('https://pb-uks-test-dep-selfserve-fe.azurewebsites.net/')\n    //     cy.document().should('have.property','charset').and('eq','UTF-8')\n    //     cy.title().should('include','PeaBody Self Serve')\n    //     cy.url().should('include','test')\n    //    // cy.get('.MuiInputBase-input').type('bffcb9f0-b5c3-e811-80de-0050569540e1')\n    //    cy.get('.MuiOutlinedInput-root').find('.MuiOutlinedInput-input').type('bffcb9f0-b5c3-e811-80de-0050569540e1')\n    //     cy.get('.MuiInputBase-input').should('have.attr','placeholder','Customer ID')\n    //    cy.get('.MuiFormLabel-root').should('have.text','Customer ID*')",
              "err": {},
              "uuid": "425a3644-5055-41cb-aab8-8d74f3b1cfaa",
              "parentUUID": "c78c4b9d-c1d5-418b-a32f-7d83b398957a",
              "isHook": false,
              "skipped": false
            }
          ],
          "suites": [],
          "passes": [
            "425a3644-5055-41cb-aab8-8d74f3b1cfaa"
          ],
          "failures": [],
          "pending": [],
          "skipped": [],
          "duration": 19,
          "root": false,
          "rootEmpty": false,
          "_timeout": 2000
        }
      ],
      "passes": [],
      "failures": [],
      "pending": [],
      "skipped": [],
      "duration": 0,
      "root": true,
      "rootEmpty": true,
      "_timeout": 2000
    }
  ],
  "meta": {
    "mocha": {
      "version": "7.0.1"
    },
    "mochawesome": {
      "options": {
        "quiet": false,
        "reportFilename": "mochawesome",
        "saveHtml": false,
        "saveJson": true,
        "consoleReporter": "spec",
        "useInlineDiffs": false,
        "code": true
      },
      "version": "7.0.1"
    },
    "marge": {
      "options": {
        "id": "default",
        "reportDir": "cypress/results/mochawesome",
        "quite": true,
        "overwrite": false,
        "html": false,
        "json": true
      },
      "version": "6.0.1"
    }
  }
}