{
  "stats": {
    "suites": 8,
    "tests": 43,
    "passes": 43,
    "pending": 0,
    "failures": 0,
    "start": "2021-12-06T15:38:28.467Z",
    "end": "2021-12-06T15:49:08.808Z",
    "duration": 516945,
    "testsRegistered": 43,
    "passPercent": 100,
    "pendingPercent": 0,
    "other": 0,
    "hasOther": false,
    "skipped": 0,
    "hasSkipped": false
  },
  "results": [
    {
      "uuid": "f42874c9-fea5-4662-9ea0-722684935de3",
      "title": "",
      "fullFile": "cypress/integration/Sprint1UserStories/US808-Select-the-property-type.js",
      "file": "cypress/integration/Sprint1UserStories/US808-Select-the-property-type.js",
      "beforeHooks": [],
      "afterHooks": [],
      "tests": [],
      "suites": [
        {
          "uuid": "b02d19b4-99cf-4151-b68f-aec7c2ecbce9",
          "title": "Select the property type (property, divided block, block, estate)",
          "fullFile": "",
          "file": "",
          "beforeHooks": [],
          "afterHooks": [],
          "tests": [
            {
              "title": "Acceptance Criteria 1 - Property types available for selection within hierarchy",
              "fullTitle": "Select the property type (property, divided block, block, estate) Acceptance Criteria 1 - Property types available for selection within hierarchy",
              "timedOut": null,
              "duration": 6646,
              "state": "passed",
              "speed": "medium",
              "pass": true,
              "fail": false,
              "pending": false,
              "context": null,
              "code": "propertyType_PO.enterCustIDandContinue();",
              "err": {},
              "uuid": "c22656bd-7962-4072-8e48-ab66fae1583b",
              "parentUUID": "b02d19b4-99cf-4151-b68f-aec7c2ecbce9",
              "isHook": false,
              "skipped": false
            },
            {
              "title": "Acceptance Criteria 2 - Property types available for selection within hierarchy - Change repair hierarchy",
              "fullTitle": "Select the property type (property, divided block, block, estate) Acceptance Criteria 2 - Property types available for selection within hierarchy - Change repair hierarchy",
              "timedOut": null,
              "duration": 7682,
              "state": "passed",
              "speed": "medium",
              "pass": true,
              "fail": false,
              "pending": false,
              "context": null,
              "code": "propertyType_PO.changePropertyHierarchy();",
              "err": {},
              "uuid": "d97cb36a-a5ae-4ccc-8226-c00740971d42",
              "parentUUID": "b02d19b4-99cf-4151-b68f-aec7c2ecbce9",
              "isHook": false,
              "skipped": false
            }
          ],
          "suites": [],
          "passes": [
            "c22656bd-7962-4072-8e48-ab66fae1583b",
            "d97cb36a-a5ae-4ccc-8226-c00740971d42"
          ],
          "failures": [],
          "pending": [],
          "skipped": [],
          "duration": 14328,
          "root": false,
          "rootEmpty": false,
          "_timeout": 2000
        }
      ],
      "passes": [],
      "failures": [],
      "pending": [],
      "skipped": [],
      "duration": 0,
      "root": true,
      "rootEmpty": true,
      "_timeout": 2000
    },
    {
      "uuid": "7c318a60-0244-4754-ae04-8d02152a9918",
      "title": "",
      "fullFile": "cypress/integration/Sprint1UserStories/US809-Determine-property-type-eligibility.js",
      "file": "cypress/integration/Sprint1UserStories/US809-Determine-property-type-eligibility.js",
      "beforeHooks": [],
      "afterHooks": [],
      "tests": [],
      "suites": [
        {
          "uuid": "5448e39f-804f-437e-a654-1c21783eeb79",
          "title": "Determine property type eligibility",
          "fullFile": "",
          "file": "",
          "beforeHooks": [],
          "afterHooks": [],
          "tests": [
            {
              "title": "Acceptance Criteria 1 - Passes property type check",
              "fullTitle": "Determine property type eligibility Acceptance Criteria 1 - Passes property type check",
              "timedOut": null,
              "duration": 6985,
              "state": "passed",
              "speed": "medium",
              "pass": true,
              "fail": false,
              "pending": false,
              "context": null,
              "code": "propertyTypeCheck_PO.enterCustIDandContinue();",
              "err": {},
              "uuid": "ba596de1-a122-45fb-a664-a50dbaa529de",
              "parentUUID": "5448e39f-804f-437e-a654-1c21783eeb79",
              "isHook": false,
              "skipped": false
            },
            {
              "title": "Acceptance Criteria 2 - Continue",
              "fullTitle": "Determine property type eligibility Acceptance Criteria 2 - Continue",
              "timedOut": null,
              "duration": 8520,
              "state": "passed",
              "speed": "medium",
              "pass": true,
              "fail": false,
              "pending": false,
              "context": null,
              "code": "homepage_PO.continueButton();",
              "err": {},
              "uuid": "0ebf3d85-e7ed-4f08-9d34-0e7cc242257c",
              "parentUUID": "5448e39f-804f-437e-a654-1c21783eeb79",
              "isHook": false,
              "skipped": false
            },
            {
              "title": "Acceptance Criteria 3 - Exit",
              "fullTitle": "Determine property type eligibility Acceptance Criteria 3 - Exit",
              "timedOut": null,
              "duration": 7840,
              "state": "passed",
              "speed": "medium",
              "pass": true,
              "fail": false,
              "pending": false,
              "context": null,
              "code": "homepage_PO.exitButton();",
              "err": {},
              "uuid": "f3fed76f-17cc-4939-a2a9-d6f0a240db0d",
              "parentUUID": "5448e39f-804f-437e-a654-1c21783eeb79",
              "isHook": false,
              "skipped": false
            },
            {
              "title": "Acceptance Criteria 4 - Back",
              "fullTitle": "Determine property type eligibility Acceptance Criteria 4 - Back",
              "timedOut": null,
              "duration": 7289,
              "state": "passed",
              "speed": "medium",
              "pass": true,
              "fail": false,
              "pending": false,
              "context": null,
              "code": "homepage_PO.backButton();",
              "err": {},
              "uuid": "989d1b3b-4237-4c6c-b99d-c15c60018573",
              "parentUUID": "5448e39f-804f-437e-a654-1c21783eeb79",
              "isHook": false,
              "skipped": false
            },
            {
              "title": "Acceptance Criteria 5 - Exit - Select return to my repair",
              "fullTitle": "Determine property type eligibility Acceptance Criteria 5 - Exit - Select return to my repair",
              "timedOut": null,
              "duration": 7073,
              "state": "passed",
              "speed": "medium",
              "pass": true,
              "fail": false,
              "pending": false,
              "context": null,
              "code": "homepage_PO.exitReturnToMyRepairButton();",
              "err": {},
              "uuid": "9f93e77e-31ef-404e-b559-c0b6649eee3c",
              "parentUUID": "5448e39f-804f-437e-a654-1c21783eeb79",
              "isHook": false,
              "skipped": false
            },
            {
              "title": "Acceptance Criteria 6 - Exit - Select leave this page",
              "fullTitle": "Determine property type eligibility Acceptance Criteria 6 - Exit - Select leave this page",
              "timedOut": null,
              "duration": 7468,
              "state": "passed",
              "speed": "medium",
              "pass": true,
              "fail": false,
              "pending": false,
              "context": null,
              "code": "homepage_PO.exitLeaveThisPageButton();",
              "err": {},
              "uuid": "14fcd857-63cc-4d89-8d0b-03cdacdfa69f",
              "parentUUID": "5448e39f-804f-437e-a654-1c21783eeb79",
              "isHook": false,
              "skipped": false
            },
            {
              "title": "Acceptance Criteria 7 - Back - Select return to my repair",
              "fullTitle": "Determine property type eligibility Acceptance Criteria 7 - Back - Select return to my repair",
              "timedOut": null,
              "duration": 7739,
              "state": "passed",
              "speed": "medium",
              "pass": true,
              "fail": false,
              "pending": false,
              "context": null,
              "code": "homepage_PO.backReturnToMyRepairButton();",
              "err": {},
              "uuid": "4b46cfef-23d4-41eb-86ec-1e3cc59e8dd0",
              "parentUUID": "5448e39f-804f-437e-a654-1c21783eeb79",
              "isHook": false,
              "skipped": false
            },
            {
              "title": "Acceptance Criteria 8 - Back - Select go back",
              "fullTitle": "Determine property type eligibility Acceptance Criteria 8 - Back - Select go back",
              "timedOut": null,
              "duration": 8395,
              "state": "passed",
              "speed": "medium",
              "pass": true,
              "fail": false,
              "pending": false,
              "context": null,
              "code": "homepage_PO.backGoBackButton();",
              "err": {},
              "uuid": "95633f9d-72c4-4858-8166-533063d15679",
              "parentUUID": "5448e39f-804f-437e-a654-1c21783eeb79",
              "isHook": false,
              "skipped": false
            }
          ],
          "suites": [],
          "passes": [
            "ba596de1-a122-45fb-a664-a50dbaa529de",
            "0ebf3d85-e7ed-4f08-9d34-0e7cc242257c",
            "f3fed76f-17cc-4939-a2a9-d6f0a240db0d",
            "989d1b3b-4237-4c6c-b99d-c15c60018573",
            "9f93e77e-31ef-404e-b559-c0b6649eee3c",
            "14fcd857-63cc-4d89-8d0b-03cdacdfa69f",
            "4b46cfef-23d4-41eb-86ec-1e3cc59e8dd0",
            "95633f9d-72c4-4858-8166-533063d15679"
          ],
          "failures": [],
          "pending": [],
          "skipped": [],
          "duration": 61309,
          "root": false,
          "rootEmpty": false,
          "_timeout": 2000
        }
      ],
      "passes": [],
      "failures": [],
      "pending": [],
      "skipped": [],
      "duration": 0,
      "root": true,
      "rootEmpty": true,
      "_timeout": 2000
    },
    {
      "uuid": "9e9a1432-6d3e-41f6-9b67-aadbaeb663a7",
      "title": "",
      "fullFile": "cypress/integration/Sprint1UserStories/US810-Display-and-Select-repair-location.js",
      "file": "cypress/integration/Sprint1UserStories/US810-Display-and-Select-repair-location.js",
      "beforeHooks": [],
      "afterHooks": [],
      "tests": [],
      "suites": [
        {
          "uuid": "1ec06ec0-16d2-4c3c-b64b-69b20afe49a3",
          "title": "Display and Select repair location",
          "fullFile": "",
          "file": "",
          "beforeHooks": [],
          "afterHooks": [],
          "tests": [
            {
              "title": "Acceptance Criteria 1 - Select property location",
              "fullTitle": "Display and Select repair location Acceptance Criteria 1 - Select property location",
              "timedOut": null,
              "duration": 18226,
              "state": "passed",
              "speed": "slow",
              "pass": true,
              "fail": false,
              "pending": false,
              "context": null,
              "code": "propertyLocation_PO.selectPropLocation();",
              "err": {},
              "uuid": "5671873d-42ac-4aae-850f-efe161da44cc",
              "parentUUID": "1ec06ec0-16d2-4c3c-b64b-69b20afe49a3",
              "isHook": false,
              "skipped": false
            },
            {
              "title": "Acceptance Criteria 2 - Continue - mandatory information complete",
              "fullTitle": "Display and Select repair location Acceptance Criteria 2 - Continue - mandatory information complete",
              "timedOut": null,
              "duration": 34070,
              "state": "passed",
              "speed": "slow",
              "pass": true,
              "fail": false,
              "pending": false,
              "context": null,
              "code": "propertyLocation_PO.continueMandatoryInfoComplete();",
              "err": {},
              "uuid": "7ce741d4-f721-4cf6-b69b-0d0eb6af43ba",
              "parentUUID": "1ec06ec0-16d2-4c3c-b64b-69b20afe49a3",
              "isHook": false,
              "skipped": false
            },
            {
              "title": "Acceptance Criteria 3 - Continue - mandatory information NOT complete",
              "fullTitle": "Display and Select repair location Acceptance Criteria 3 - Continue - mandatory information NOT complete",
              "timedOut": null,
              "duration": 18140,
              "state": "passed",
              "speed": "slow",
              "pass": true,
              "fail": false,
              "pending": false,
              "context": null,
              "code": "propertyLocation_PO.continueMandatoryInfoNotComplete();",
              "err": {},
              "uuid": "e4021e86-3aab-4998-a20d-67e14bf3544d",
              "parentUUID": "1ec06ec0-16d2-4c3c-b64b-69b20afe49a3",
              "isHook": false,
              "skipped": false
            },
            {
              "title": "Acceptance Criteria 4 - Exit",
              "fullTitle": "Display and Select repair location Acceptance Criteria 4 - Exit",
              "timedOut": null,
              "duration": 7371,
              "state": "passed",
              "speed": "medium",
              "pass": true,
              "fail": false,
              "pending": false,
              "context": null,
              "code": "propertyLocation_PO.exitButton();",
              "err": {},
              "uuid": "3c65de19-0e07-498f-9082-e653c7bb6c48",
              "parentUUID": "1ec06ec0-16d2-4c3c-b64b-69b20afe49a3",
              "isHook": false,
              "skipped": false
            },
            {
              "title": "Acceptance Criteria 5 - Back",
              "fullTitle": "Display and Select repair location Acceptance Criteria 5 - Back",
              "timedOut": null,
              "duration": 7062,
              "state": "passed",
              "speed": "medium",
              "pass": true,
              "fail": false,
              "pending": false,
              "context": null,
              "code": "propertyLocation_PO.backButton();",
              "err": {},
              "uuid": "8922ede0-39b4-4eb0-8580-cdc7153d1a1b",
              "parentUUID": "1ec06ec0-16d2-4c3c-b64b-69b20afe49a3",
              "isHook": false,
              "skipped": false
            },
            {
              "title": "Acceptance Criteria 6 - Exit - Select return to my repair",
              "fullTitle": "Display and Select repair location Acceptance Criteria 6 - Exit - Select return to my repair",
              "timedOut": null,
              "duration": 7388,
              "state": "passed",
              "speed": "medium",
              "pass": true,
              "fail": false,
              "pending": false,
              "context": null,
              "code": "propertyLocation_PO.exitReturnToMyRepairButton();",
              "err": {},
              "uuid": "c002a992-c495-4d0f-be0a-d9953c35912a",
              "parentUUID": "1ec06ec0-16d2-4c3c-b64b-69b20afe49a3",
              "isHook": false,
              "skipped": false
            },
            {
              "title": "Acceptance Criteria 7 - Exit - Select leave this page",
              "fullTitle": "Display and Select repair location Acceptance Criteria 7 - Exit - Select leave this page",
              "timedOut": null,
              "duration": 7416,
              "state": "passed",
              "speed": "medium",
              "pass": true,
              "fail": false,
              "pending": false,
              "context": null,
              "code": "propertyLocation_PO.exitLeaveThisPageButton();",
              "err": {},
              "uuid": "1f834f91-cace-4748-ab17-fbff28f7423a",
              "parentUUID": "1ec06ec0-16d2-4c3c-b64b-69b20afe49a3",
              "isHook": false,
              "skipped": false
            },
            {
              "title": "Acceptance Criteria 8 - Back - Select return to my repair",
              "fullTitle": "Display and Select repair location Acceptance Criteria 8 - Back - Select return to my repair",
              "timedOut": null,
              "duration": 6950,
              "state": "passed",
              "speed": "medium",
              "pass": true,
              "fail": false,
              "pending": false,
              "context": null,
              "code": "propertyLocation_PO.backReturnToMyRepairButton();",
              "err": {},
              "uuid": "35820af2-0071-41b9-a10f-c7d005f422f0",
              "parentUUID": "1ec06ec0-16d2-4c3c-b64b-69b20afe49a3",
              "isHook": false,
              "skipped": false
            },
            {
              "title": "Acceptance Criteria 9 - Back - Select go back",
              "fullTitle": "Display and Select repair location Acceptance Criteria 9 - Back - Select go back",
              "timedOut": null,
              "duration": 7835,
              "state": "passed",
              "speed": "medium",
              "pass": true,
              "fail": false,
              "pending": false,
              "context": null,
              "code": "propertyLocation_PO.backGoBackButton();",
              "err": {},
              "uuid": "f3c0afef-ee13-47d3-8c2f-306b096e9b66",
              "parentUUID": "1ec06ec0-16d2-4c3c-b64b-69b20afe49a3",
              "isHook": false,
              "skipped": false
            }
          ],
          "suites": [],
          "passes": [
            "5671873d-42ac-4aae-850f-efe161da44cc",
            "7ce741d4-f721-4cf6-b69b-0d0eb6af43ba",
            "e4021e86-3aab-4998-a20d-67e14bf3544d",
            "3c65de19-0e07-498f-9082-e653c7bb6c48",
            "8922ede0-39b4-4eb0-8580-cdc7153d1a1b",
            "c002a992-c495-4d0f-be0a-d9953c35912a",
            "1f834f91-cace-4748-ab17-fbff28f7423a",
            "35820af2-0071-41b9-a10f-c7d005f422f0",
            "f3c0afef-ee13-47d3-8c2f-306b096e9b66"
          ],
          "failures": [],
          "pending": [],
          "skipped": [],
          "duration": 114458,
          "root": false,
          "rootEmpty": false,
          "_timeout": 2000
        }
      ],
      "passes": [],
      "failures": [],
      "pending": [],
      "skipped": [],
      "duration": 0,
      "root": true,
      "rootEmpty": true,
      "_timeout": 2000
    },
    {
      "uuid": "371e3775-5525-452e-b4d4-51e09e3d1a55",
      "title": "",
      "fullFile": "cypress/integration/Sprint1UserStories/US811-Present-high-level-repair-description.js",
      "file": "cypress/integration/Sprint1UserStories/US811-Present-high-level-repair-description.js",
      "beforeHooks": [],
      "afterHooks": [],
      "tests": [],
      "suites": [
        {
          "uuid": "2c01c6f4-d6d2-4c40-b689-33b2177addf6",
          "title": "Present high level repair description",
          "fullFile": "",
          "file": "",
          "beforeHooks": [],
          "afterHooks": [],
          "tests": [
            {
              "title": "Acceptance Criteria 1 - High level description field displayed",
              "fullTitle": "Present high level repair description Acceptance Criteria 1 - High level description field displayed",
              "timedOut": null,
              "duration": 24999,
              "state": "passed",
              "speed": "slow",
              "pass": true,
              "fail": false,
              "pending": false,
              "context": null,
              "code": "propertyLocation_PO.highLevelDescFieldDisplayed();",
              "err": {},
              "uuid": "23ff0880-12ea-4969-bd57-a153fb3a4a74",
              "parentUUID": "2c01c6f4-d6d2-4c40-b689-33b2177addf6",
              "isHook": false,
              "skipped": false
            }
          ],
          "suites": [],
          "passes": [
            "23ff0880-12ea-4969-bd57-a153fb3a4a74"
          ],
          "failures": [],
          "pending": [],
          "skipped": [],
          "duration": 24999,
          "root": false,
          "rootEmpty": false,
          "_timeout": 2000
        }
      ],
      "passes": [],
      "failures": [],
      "pending": [],
      "skipped": [],
      "duration": 0,
      "root": true,
      "rootEmpty": true,
      "_timeout": 2000
    },
    {
      "uuid": "63beceec-0bd8-48e5-b3ad-7742326de605",
      "title": "",
      "fullFile": "cypress/integration/Sprint1UserStories/US812-Determine-policy-check-repair-eligibility.js",
      "file": "cypress/integration/Sprint1UserStories/US812-Determine-policy-check-repair-eligibility.js",
      "beforeHooks": [],
      "afterHooks": [],
      "tests": [],
      "suites": [
        {
          "uuid": "81c6732c-7ac7-40ef-a6a4-3162370a8b80",
          "title": "Determine policy check repair eligibility",
          "fullFile": "",
          "file": "",
          "beforeHooks": [],
          "afterHooks": [],
          "tests": [
            {
              "title": "Acceptance Criteria 1 - Passes repair policy check",
              "fullTitle": "Determine policy check repair eligibility Acceptance Criteria 1 - Passes repair policy check",
              "timedOut": null,
              "duration": 23995,
              "state": "passed",
              "speed": "slow",
              "pass": true,
              "fail": false,
              "pending": false,
              "context": null,
              "code": "repairPolicyCheck_PO.passRepairPolicyCheck();",
              "err": {},
              "uuid": "b852afee-805f-4da5-91fe-503e1aa965bd",
              "parentUUID": "81c6732c-7ac7-40ef-a6a4-3162370a8b80",
              "isHook": false,
              "skipped": false
            },
            {
              "title": "Acceptance Criteria 2 - Fails repairs policy check",
              "fullTitle": "Determine policy check repair eligibility Acceptance Criteria 2 - Fails repairs policy check",
              "timedOut": null,
              "duration": 29333,
              "state": "passed",
              "speed": "slow",
              "pass": true,
              "fail": false,
              "pending": false,
              "context": null,
              "code": "repairPolicyCheck_PO.failsRepairPolicyCheck();",
              "err": {},
              "uuid": "f5886aa4-416c-437b-8548-f8dacd1f0312",
              "parentUUID": "81c6732c-7ac7-40ef-a6a4-3162370a8b80",
              "isHook": false,
              "skipped": false
            }
          ],
          "suites": [],
          "passes": [
            "b852afee-805f-4da5-91fe-503e1aa965bd",
            "f5886aa4-416c-437b-8548-f8dacd1f0312"
          ],
          "failures": [],
          "pending": [],
          "skipped": [],
          "duration": 53328,
          "root": false,
          "rootEmpty": false,
          "_timeout": 2000
        }
      ],
      "passes": [],
      "failures": [],
      "pending": [],
      "skipped": [],
      "duration": 0,
      "root": true,
      "rootEmpty": true,
      "_timeout": 2000
    },
    {
      "uuid": "13e2403f-9c8e-49d0-b7a7-d9b0a8e1aeb4",
      "title": "",
      "fullFile": "cypress/integration/Sprint1UserStories/US896-Select-high-level-repair-description.js",
      "file": "cypress/integration/Sprint1UserStories/US896-Select-high-level-repair-description.js",
      "beforeHooks": [],
      "afterHooks": [],
      "tests": [],
      "suites": [
        {
          "uuid": "9aa4b981-435f-4c0b-8981-0371ea860eaf",
          "title": "Select high level repair description",
          "fullFile": "",
          "file": "",
          "beforeHooks": [],
          "afterHooks": [],
          "tests": [
            {
              "title": "Acceptance Criteria 1 - High level descriptions found",
              "fullTitle": "Select high level repair description Acceptance Criteria 1 - High level descriptions found",
              "timedOut": null,
              "duration": 29295,
              "state": "passed",
              "speed": "slow",
              "pass": true,
              "fail": false,
              "pending": false,
              "context": null,
              "code": "highLevelPolicyCheck_PO.highLevelDescFound();",
              "err": {},
              "uuid": "2a010a6d-0535-47e8-9bbd-c9d669e29233",
              "parentUUID": "9aa4b981-435f-4c0b-8981-0371ea860eaf",
              "isHook": false,
              "skipped": false
            },
            {
              "title": "Acceptance Criteria 2 - High level descriptions not found",
              "fullTitle": "Select high level repair description Acceptance Criteria 2 - High level descriptions not found",
              "timedOut": null,
              "duration": 29385,
              "state": "passed",
              "speed": "slow",
              "pass": true,
              "fail": false,
              "pending": false,
              "context": null,
              "code": "highLevelPolicyCheck_PO.highLevelDescNotFound();",
              "err": {},
              "uuid": "2e16dd48-af37-48dc-bee3-9f2fec5ff15a",
              "parentUUID": "9aa4b981-435f-4c0b-8981-0371ea860eaf",
              "isHook": false,
              "skipped": false
            },
            {
              "title": "Acceptance Criteria 3 - High level description re-selected - try again",
              "fullTitle": "Select high level repair description Acceptance Criteria 3 - High level description re-selected - try again",
              "timedOut": null,
              "duration": 23969,
              "state": "passed",
              "speed": "slow",
              "pass": true,
              "fail": false,
              "pending": false,
              "context": null,
              "code": "highLevelPolicyCheck_PO.highLevelDescReSelected();",
              "err": {},
              "uuid": "40af100b-2d52-4cb8-8e27-4502b0bd6925",
              "parentUUID": "9aa4b981-435f-4c0b-8981-0371ea860eaf",
              "isHook": false,
              "skipped": false
            },
            {
              "title": "Acceptance Criteria 4 - Continue - mandatory information complete",
              "fullTitle": "Select high level repair description Acceptance Criteria 4 - Continue - mandatory information complete",
              "timedOut": null,
              "duration": 34749,
              "state": "passed",
              "speed": "slow",
              "pass": true,
              "fail": false,
              "pending": false,
              "context": null,
              "code": "propertyLocation_PO.continueMandatoryInfoComplete();",
              "err": {},
              "uuid": "c134d435-c682-4561-854d-fa0728fe5320",
              "parentUUID": "9aa4b981-435f-4c0b-8981-0371ea860eaf",
              "isHook": false,
              "skipped": false
            },
            {
              "title": "Acceptance Criteria 5 - Continue - mandatory information NOT complete",
              "fullTitle": "Select high level repair description Acceptance Criteria 5 - Continue - mandatory information NOT complete",
              "timedOut": null,
              "duration": 20116,
              "state": "passed",
              "speed": "slow",
              "pass": true,
              "fail": false,
              "pending": false,
              "context": null,
              "code": "propertyLocation_PO.continueMandatoryInfoNotComplete();",
              "err": {},
              "uuid": "2d1ccc3e-ae5b-4510-a5c5-d7e626c5b966",
              "parentUUID": "9aa4b981-435f-4c0b-8981-0371ea860eaf",
              "isHook": false,
              "skipped": false
            },
            {
              "title": "Acceptance Criteria 6 - Exit",
              "fullTitle": "Select high level repair description Acceptance Criteria 6 - Exit",
              "timedOut": null,
              "duration": 7847,
              "state": "passed",
              "speed": "medium",
              "pass": true,
              "fail": false,
              "pending": false,
              "context": null,
              "code": "propertyLocation_PO.exitButton();",
              "err": {},
              "uuid": "51cea324-8be3-463a-aeca-3baba534a152",
              "parentUUID": "9aa4b981-435f-4c0b-8981-0371ea860eaf",
              "isHook": false,
              "skipped": false
            },
            {
              "title": "Acceptance Criteria 7 - Back",
              "fullTitle": "Select high level repair description Acceptance Criteria 7 - Back",
              "timedOut": null,
              "duration": 8391,
              "state": "passed",
              "speed": "medium",
              "pass": true,
              "fail": false,
              "pending": false,
              "context": null,
              "code": "propertyLocation_PO.backButton();",
              "err": {},
              "uuid": "b6479325-ba7a-415d-b0ad-ebe74539691f",
              "parentUUID": "9aa4b981-435f-4c0b-8981-0371ea860eaf",
              "isHook": false,
              "skipped": false
            },
            {
              "title": "Acceptance Criteria 8 - Exit - Select return to my repair",
              "fullTitle": "Select high level repair description Acceptance Criteria 8 - Exit - Select return to my repair",
              "timedOut": null,
              "duration": 7215,
              "state": "passed",
              "speed": "medium",
              "pass": true,
              "fail": false,
              "pending": false,
              "context": null,
              "code": "propertyLocation_PO.exitReturnToMyRepairButton();",
              "err": {},
              "uuid": "229a78a4-1042-432d-9b98-ad94b842f135",
              "parentUUID": "9aa4b981-435f-4c0b-8981-0371ea860eaf",
              "isHook": false,
              "skipped": false
            },
            {
              "title": "Acceptance Criteria 9 - Exit - Select leave this page",
              "fullTitle": "Select high level repair description Acceptance Criteria 9 - Exit - Select leave this page",
              "timedOut": null,
              "duration": 7681,
              "state": "passed",
              "speed": "medium",
              "pass": true,
              "fail": false,
              "pending": false,
              "context": null,
              "code": "propertyLocation_PO.exitLeaveThisPageButton();",
              "err": {},
              "uuid": "8a1e087c-a9c9-421d-a7b9-da04c62e706b",
              "parentUUID": "9aa4b981-435f-4c0b-8981-0371ea860eaf",
              "isHook": false,
              "skipped": false
            },
            {
              "title": "Acceptance Criteria 10 - Back - Select return to my repair",
              "fullTitle": "Select high level repair description Acceptance Criteria 10 - Back - Select return to my repair",
              "timedOut": null,
              "duration": 7237,
              "state": "passed",
              "speed": "medium",
              "pass": true,
              "fail": false,
              "pending": false,
              "context": null,
              "code": "propertyLocation_PO.backReturnToMyRepairButton();",
              "err": {},
              "uuid": "50dbc689-a143-4808-bdda-14cbf79a8758",
              "parentUUID": "9aa4b981-435f-4c0b-8981-0371ea860eaf",
              "isHook": false,
              "skipped": false
            },
            {
              "title": "Acceptance Criteria 11 - Back - Select go back",
              "fullTitle": "Select high level repair description Acceptance Criteria 11 - Back - Select go back",
              "timedOut": null,
              "duration": 7506,
              "state": "passed",
              "speed": "medium",
              "pass": true,
              "fail": false,
              "pending": false,
              "context": null,
              "code": "propertyLocation_PO.backGoBackButton();",
              "err": {},
              "uuid": "5e5f7523-be00-4d76-abb9-aa3c0cb294bc",
              "parentUUID": "9aa4b981-435f-4c0b-8981-0371ea860eaf",
              "isHook": false,
              "skipped": false
            }
          ],
          "suites": [],
          "passes": [
            "2a010a6d-0535-47e8-9bbd-c9d669e29233",
            "2e16dd48-af37-48dc-bee3-9f2fec5ff15a",
            "40af100b-2d52-4cb8-8e27-4502b0bd6925",
            "c134d435-c682-4561-854d-fa0728fe5320",
            "2d1ccc3e-ae5b-4510-a5c5-d7e626c5b966",
            "51cea324-8be3-463a-aeca-3baba534a152",
            "b6479325-ba7a-415d-b0ad-ebe74539691f",
            "229a78a4-1042-432d-9b98-ad94b842f135",
            "8a1e087c-a9c9-421d-a7b9-da04c62e706b",
            "50dbc689-a143-4808-bdda-14cbf79a8758",
            "5e5f7523-be00-4d76-abb9-aa3c0cb294bc"
          ],
          "failures": [],
          "pending": [],
          "skipped": [],
          "duration": 183391,
          "root": false,
          "rootEmpty": false,
          "_timeout": 2000
        }
      ],
      "passes": [],
      "failures": [],
      "pending": [],
      "skipped": [],
      "duration": 0,
      "root": true,
      "rootEmpty": true,
      "_timeout": 2000
    },
    {
      "uuid": "92ef81c8-6f03-49e0-9a70-81bbe5ec3514",
      "title": "",
      "fullFile": "cypress/integration/Sprint1UserStories/US929-Display-property-tenancy-single.js",
      "file": "cypress/integration/Sprint1UserStories/US929-Display-property-tenancy-single.js",
      "beforeHooks": [],
      "afterHooks": [],
      "tests": [],
      "suites": [
        {
          "uuid": "f64cf8d1-eb1b-45a4-86a2-f1e53516cbab",
          "title": "Display property/tenancy - single",
          "fullFile": "",
          "file": "",
          "beforeHooks": [],
          "afterHooks": [],
          "tests": [
            {
              "title": "Acceptance Criteria 1 - Single current tenancies",
              "fullTitle": "Display property/tenancy - single Acceptance Criteria 1 - Single current tenancies",
              "timedOut": null,
              "duration": 7669,
              "state": "passed",
              "speed": "medium",
              "pass": true,
              "fail": false,
              "pending": false,
              "context": null,
              "code": "singleCurrentTenancies_PO.enterCustIDandContinue();",
              "err": {},
              "uuid": "cb309f78-db52-4e09-97c3-a92019ac58cf",
              "parentUUID": "f64cf8d1-eb1b-45a4-86a2-f1e53516cbab",
              "isHook": false,
              "skipped": false
            }
          ],
          "suites": [],
          "passes": [
            "cb309f78-db52-4e09-97c3-a92019ac58cf"
          ],
          "failures": [],
          "pending": [],
          "skipped": [],
          "duration": 7669,
          "root": false,
          "rootEmpty": false,
          "_timeout": 2000
        }
      ],
      "passes": [],
      "failures": [],
      "pending": [],
      "skipped": [],
      "duration": 0,
      "root": true,
      "rootEmpty": true,
      "_timeout": 2000
    },
    {
      "uuid": "97b90bc8-6ca9-4a5a-99a8-1bba402b3bbe",
      "title": "",
      "fullFile": "cypress/integration/Sprint1UserStories/US807-Select-repair-property-tenancy-Multiple.js",
      "file": "cypress/integration/Sprint1UserStories/US807-Select-repair-property-tenancy-Multiple.js",
      "beforeHooks": [],
      "afterHooks": [],
      "tests": [],
      "suites": [
        {
          "uuid": "d66932c5-1bcc-45f9-bb37-aed234177478",
          "title": "Select repair property/tenancy - Multiple",
          "fullFile": "",
          "file": "",
          "beforeHooks": [],
          "afterHooks": [],
          "tests": [
            {
              "title": "Acceptance Criteria 1 - Multiple current tenancies",
              "fullTitle": "Select repair property/tenancy - Multiple Acceptance Criteria 1 - Multiple current tenancies",
              "timedOut": null,
              "duration": 2263,
              "state": "passed",
              "speed": "fast",
              "pass": true,
              "fail": false,
              "pending": false,
              "context": null,
              "code": "homepage_PO.enterCustIDandContinue();",
              "err": {},
              "uuid": "b958be3a-bbb8-429a-b3d8-0805851b9206",
              "parentUUID": "d66932c5-1bcc-45f9-bb37-aed234177478",
              "isHook": false,
              "skipped": false
            },
            {
              "title": "Acceptance Criteria 2 - Multiple current tenancies - Change repair property",
              "fullTitle": "Select repair property/tenancy - Multiple Acceptance Criteria 2 - Multiple current tenancies - Change repair property",
              "timedOut": null,
              "duration": 6622,
              "state": "passed",
              "speed": "medium",
              "pass": true,
              "fail": false,
              "pending": false,
              "context": null,
              "code": "homepage_PO.changeRepairProperty();",
              "err": {},
              "uuid": "8b4016f9-895f-4b6d-998b-35c776c0b41e",
              "parentUUID": "d66932c5-1bcc-45f9-bb37-aed234177478",
              "isHook": false,
              "skipped": false
            },
            {
              "title": "Acceptance Criteria 3 - Continue",
              "fullTitle": "Select repair property/tenancy - Multiple Acceptance Criteria 3 - Continue",
              "timedOut": null,
              "duration": 7005,
              "state": "passed",
              "speed": "medium",
              "pass": true,
              "fail": false,
              "pending": false,
              "context": null,
              "code": "homepage_PO.continueButton();",
              "err": {},
              "uuid": "0317de54-6faa-47a2-a97b-a12c9dcd602e",
              "parentUUID": "d66932c5-1bcc-45f9-bb37-aed234177478",
              "isHook": false,
              "skipped": false
            },
            {
              "title": "Acceptance Criteria 4 - Exit",
              "fullTitle": "Select repair property/tenancy - Multiple Acceptance Criteria 4 - Exit",
              "timedOut": null,
              "duration": 7117,
              "state": "passed",
              "speed": "medium",
              "pass": true,
              "fail": false,
              "pending": false,
              "context": null,
              "code": "homepage_PO.exitButton();",
              "err": {},
              "uuid": "752af421-3204-47df-a498-ee752789a64a",
              "parentUUID": "d66932c5-1bcc-45f9-bb37-aed234177478",
              "isHook": false,
              "skipped": false
            },
            {
              "title": "Acceptance Criteria 5 - Back",
              "fullTitle": "Select repair property/tenancy - Multiple Acceptance Criteria 5 - Back",
              "timedOut": null,
              "duration": 6461,
              "state": "passed",
              "speed": "medium",
              "pass": true,
              "fail": false,
              "pending": false,
              "context": null,
              "code": "homepage_PO.backButton();",
              "err": {},
              "uuid": "3edef2a4-1f20-4666-aea9-35164319737d",
              "parentUUID": "d66932c5-1bcc-45f9-bb37-aed234177478",
              "isHook": false,
              "skipped": false
            },
            {
              "title": "Acceptance Criteria 6 - Exit - Select return to my repair",
              "fullTitle": "Select repair property/tenancy - Multiple Acceptance Criteria 6 - Exit - Select return to my repair",
              "timedOut": null,
              "duration": 6890,
              "state": "passed",
              "speed": "medium",
              "pass": true,
              "fail": false,
              "pending": false,
              "context": null,
              "code": "homepage_PO.exitReturnToMyRepairButton();",
              "err": {},
              "uuid": "578bd84e-812b-4e43-98fb-76bf15462e0d",
              "parentUUID": "d66932c5-1bcc-45f9-bb37-aed234177478",
              "isHook": false,
              "skipped": false
            },
            {
              "title": "Acceptance Criteria 7 - Exit - Select leave this page",
              "fullTitle": "Select repair property/tenancy - Multiple Acceptance Criteria 7 - Exit - Select leave this page",
              "timedOut": null,
              "duration": 6977,
              "state": "passed",
              "speed": "medium",
              "pass": true,
              "fail": false,
              "pending": false,
              "context": null,
              "code": "homepage_PO.exitLeaveThisPageButton();",
              "err": {},
              "uuid": "5ab587f6-3f0c-43bf-90b3-a448dde4ac8b",
              "parentUUID": "d66932c5-1bcc-45f9-bb37-aed234177478",
              "isHook": false,
              "skipped": false
            },
            {
              "title": "Acceptance Criteria 8 - Back - Select return to my repair",
              "fullTitle": "Select repair property/tenancy - Multiple Acceptance Criteria 8 - Back - Select return to my repair",
              "timedOut": null,
              "duration": 6832,
              "state": "passed",
              "speed": "medium",
              "pass": true,
              "fail": false,
              "pending": false,
              "context": null,
              "code": "homepage_PO.backReturnToMyRepairButton();",
              "err": {},
              "uuid": "32721eec-a653-424e-b536-a239747db3fe",
              "parentUUID": "d66932c5-1bcc-45f9-bb37-aed234177478",
              "isHook": false,
              "skipped": false
            },
            {
              "title": "Acceptance Criteria 9 - Back - Select go back",
              "fullTitle": "Select repair property/tenancy - Multiple Acceptance Criteria 9 - Back - Select go back",
              "timedOut": null,
              "duration": 7296,
              "state": "passed",
              "speed": "medium",
              "pass": true,
              "fail": false,
              "pending": false,
              "context": null,
              "code": "homepage_PO.backGoBackButton();",
              "err": {},
              "uuid": "eeb43b66-91be-4b75-8f66-d869c4879f34",
              "parentUUID": "d66932c5-1bcc-45f9-bb37-aed234177478",
              "isHook": false,
              "skipped": false
            }
          ],
          "suites": [],
          "passes": [
            "b958be3a-bbb8-429a-b3d8-0805851b9206",
            "8b4016f9-895f-4b6d-998b-35c776c0b41e",
            "0317de54-6faa-47a2-a97b-a12c9dcd602e",
            "752af421-3204-47df-a498-ee752789a64a",
            "3edef2a4-1f20-4666-aea9-35164319737d",
            "578bd84e-812b-4e43-98fb-76bf15462e0d",
            "5ab587f6-3f0c-43bf-90b3-a448dde4ac8b",
            "32721eec-a653-424e-b536-a239747db3fe",
            "eeb43b66-91be-4b75-8f66-d869c4879f34"
          ],
          "failures": [],
          "pending": [],
          "skipped": [],
          "duration": 57463,
          "root": false,
          "rootEmpty": false,
          "_timeout": 2000
        }
      ],
      "passes": [],
      "failures": [],
      "pending": [],
      "skipped": [],
      "duration": 0,
      "root": true,
      "rootEmpty": true,
      "_timeout": 2000
    }
  ],
  "meta": {
    "mocha": {
      "version": "7.0.1"
    },
    "mochawesome": {
      "options": {
        "quiet": false,
        "reportFilename": "mochawesome",
        "saveHtml": false,
        "saveJson": true,
        "consoleReporter": "spec",
        "useInlineDiffs": false,
        "code": true
      },
      "version": "7.0.1"
    },
    "marge": {
      "options": {
        "id": "default",
        "reportDir": "cypress/results/mochawesome",
        "quite": true,
        "overwrite": false,
        "html": false,
        "json": true
      },
      "version": "6.0.1"
    }
  }
}